  [1m[35m (840.4ms)[0m  [1m[35mCREATE DATABASE "music_app_development" ENCODING = 'unicode'[0m
  ↳ bin/rails:9
  [1m[35m (762.4ms)[0m  [1m[35mCREATE DATABASE "music_app_test" ENCODING = 'unicode'[0m
  ↳ bin/rails:9
  [1m[35m (1.5ms)[0m  [1m[35mCREATE DATABASE "music_app_development" ENCODING = 'unicode'[0m
  ↳ bin/rails:9
  [1m[35m (1.1ms)[0m  [1m[35mCREATE DATABASE "music_app_test" ENCODING = 'unicode'[0m
  ↳ bin/rails:9
  [1m[35m (101.3ms)[0m  [1m[35mCREATE TABLE "schema_migrations" ("version" character varying NOT NULL PRIMARY KEY)[0m
  ↳ bin/rails:9
  [1m[35m (25.9ms)[0m  [1m[35mCREATE TABLE "ar_internal_metadata" ("key" character varying NOT NULL PRIMARY KEY, "value" character varying, "created_at" timestamp NOT NULL, "updated_at" timestamp NOT NULL)[0m
  ↳ bin/rails:9
  [1m[35m (2.2ms)[0m  [1m[34mSELECT pg_try_advisory_lock(4505726345591715405)[0m
  ↳ bin/rails:9
  [1m[35m (1.6ms)[0m  [1m[34mSELECT "schema_migrations"."version" FROM "schema_migrations" ORDER BY "schema_migrations"."version" ASC[0m
  ↳ bin/rails:9
Migrating to CreateUsers (20190726201555)
  [1m[35m (24.0ms)[0m  [1m[35mBEGIN[0m
  ↳ bin/rails:9
  [1m[35m (15.1ms)[0m  [1m[35mCREATE TABLE "users" ("id" bigserial primary key, "email" character varying NOT NULL, "password_digest" character varying NOT NULL, "session_token" character varying NOT NULL, "created_at" timestamp NOT NULL, "updated_at" timestamp NOT NULL)[0m
  ↳ db/migrate/20190726201555_create_users.rb:3
  [1m[35m (3.3ms)[0m  [1m[31mROLLBACK[0m
  ↳ bin/rails:9
  [1m[35m (0.4ms)[0m  [1m[34mSELECT pg_advisory_unlock(4505726345591715405)[0m
  ↳ bin/rails:9
  [1m[35m (1.2ms)[0m  [1m[35mCREATE DATABASE "music_app_development" ENCODING = 'unicode'[0m
  ↳ bin/rails:9
  [1m[35m (1.0ms)[0m  [1m[35mCREATE DATABASE "music_app_test" ENCODING = 'unicode'[0m
  ↳ bin/rails:9
  [1m[35m (0.2ms)[0m  [1m[34mSELECT pg_try_advisory_lock(4505726345591715405)[0m
  ↳ bin/rails:9
  [1m[35m (1.0ms)[0m  [1m[34mSELECT "schema_migrations"."version" FROM "schema_migrations" ORDER BY "schema_migrations"."version" ASC[0m
  ↳ bin/rails:9
Migrating to CreateUsers (20190726201555)
  [1m[35m (0.2ms)[0m  [1m[35mBEGIN[0m
  ↳ bin/rails:9
  [1m[35m (29.9ms)[0m  [1m[35mCREATE TABLE "users" ("id" bigserial primary key, "email" character varying NOT NULL, "password_digest" character varying NOT NULL, "session_token" character varying NOT NULL, "created_at" timestamp NOT NULL, "updated_at" timestamp NOT NULL)[0m
  ↳ db/migrate/20190726201555_create_users.rb:3
  [1m[35m (1.9ms)[0m  [1m[31mROLLBACK[0m
  ↳ bin/rails:9
  [1m[35m (0.3ms)[0m  [1m[34mSELECT pg_advisory_unlock(4505726345591715405)[0m
  ↳ bin/rails:9
  [1m[35m (1.4ms)[0m  [1m[35mCREATE DATABASE "music_app_development" ENCODING = 'unicode'[0m
  ↳ bin/rails:9
  [1m[35m (1.1ms)[0m  [1m[35mCREATE DATABASE "music_app_test" ENCODING = 'unicode'[0m
  ↳ bin/rails:9
  [1m[35m (0.2ms)[0m  [1m[34mSELECT pg_try_advisory_lock(4505726345591715405)[0m
  ↳ bin/rails:9
  [1m[35m (1.0ms)[0m  [1m[34mSELECT "schema_migrations"."version" FROM "schema_migrations" ORDER BY "schema_migrations"."version" ASC[0m
  ↳ bin/rails:9
Migrating to CreateUsers (20190726201555)
  [1m[35m (0.2ms)[0m  [1m[35mBEGIN[0m
  ↳ bin/rails:9
  [1m[35m (21.5ms)[0m  [1m[35mCREATE TABLE "users" ("id" bigserial primary key, "email" character varying NOT NULL, "password_digest" character varying NOT NULL, "session_token" character varying NOT NULL, "created_at" timestamp NOT NULL, "updated_at" timestamp NOT NULL)[0m
  ↳ db/migrate/20190726201555_create_users.rb:3
  [1m[35m (2.4ms)[0m  [1m[35mCREATE UNIQUE INDEX  "index_users_on_email" ON "users"  ("email")[0m
  ↳ db/migrate/20190726201555_create_users.rb:11
  [1m[35m (1.0ms)[0m  [1m[35mCREATE  INDEX  "index_users_on_session_token" ON "users"  ("session_token")[0m
  ↳ db/migrate/20190726201555_create_users.rb:12
  [1m[36mActiveRecord::SchemaMigration Create (2.8ms)[0m  [1m[32mINSERT INTO "schema_migrations" ("version") VALUES ($1) RETURNING "version"[0m  [["version", "20190726201555"]]
  ↳ bin/rails:9
  [1m[35m (0.4ms)[0m  [1m[35mCOMMIT[0m
  ↳ bin/rails:9
  [1m[36mActiveRecord::InternalMetadata Load (5.4ms)[0m  [1m[34mSELECT  "ar_internal_metadata".* FROM "ar_internal_metadata" WHERE "ar_internal_metadata"."key" = $1 LIMIT $2[0m  [["key", "environment"], ["LIMIT", 1]]
  ↳ bin/rails:9
  [1m[35m (0.2ms)[0m  [1m[35mBEGIN[0m
  ↳ bin/rails:9
  [1m[36mActiveRecord::InternalMetadata Create (1.5ms)[0m  [1m[32mINSERT INTO "ar_internal_metadata" ("key", "value", "created_at", "updated_at") VALUES ($1, $2, $3, $4) RETURNING "key"[0m  [["key", "environment"], ["value", "development"], ["created_at", "2019-07-26 20:24:26.249247"], ["updated_at", "2019-07-26 20:24:26.249247"]]
  ↳ bin/rails:9
  [1m[35m (0.3ms)[0m  [1m[35mCOMMIT[0m
  ↳ bin/rails:9
  [1m[35m (0.2ms)[0m  [1m[34mSELECT pg_advisory_unlock(4505726345591715405)[0m
  ↳ bin/rails:9
  [1m[35m (0.7ms)[0m  [1m[34mSELECT "schema_migrations"."version" FROM "schema_migrations" ORDER BY "schema_migrations"."version" ASC[0m
  ↳ bin/rails:9
  [1m[35m (1.2ms)[0m  [1m[34mSELECT "schema_migrations"."version" FROM "schema_migrations" ORDER BY "schema_migrations"."version" ASC[0m
  ↳ bin/rails:9
  [1m[35m (1.3ms)[0m  [1m[34mSELECT "schema_migrations"."version" FROM "schema_migrations" ORDER BY "schema_migrations"."version" ASC[0m
  ↳ /Users/stan/.rbenv/versions/2.5.1/bin/Annotate:23
Started GET "/" for ::1 at 2019-07-26 16:24:02 -0600
  [1m[35m (1.6ms)[0m  [1m[34mSELECT "schema_migrations"."version" FROM "schema_migrations" ORDER BY "schema_migrations"."version" ASC[0m
  ↳ /Users/stan/.rbenv/versions/2.5.1/lib/ruby/gems/2.5.0/gems/activerecord-5.2.3/lib/active_record/log_subscriber.rb:98
Processing by Rails::WelcomeController#index as HTML
  Rendering /Users/stan/.rbenv/versions/2.5.1/lib/ruby/gems/2.5.0/gems/railties-5.2.3/lib/rails/templates/rails/welcome/index.html.erb
  Rendered /Users/stan/.rbenv/versions/2.5.1/lib/ruby/gems/2.5.0/gems/railties-5.2.3/lib/rails/templates/rails/welcome/index.html.erb (4.0ms)
Completed 200 OK in 26ms (Views: 11.9ms | ActiveRecord: 0.0ms)


Started GET "/new" for ::1 at 2019-07-26 16:24:13 -0600
  
ActionController::RoutingError (No route matches [GET] "/new"):
  
actionpack (5.2.3) lib/action_dispatch/middleware/debug_exceptions.rb:65:in `call'
web-console (3.7.0) lib/web_console/middleware.rb:135:in `call_app'
web-console (3.7.0) lib/web_console/middleware.rb:30:in `block in call'
web-console (3.7.0) lib/web_console/middleware.rb:20:in `catch'
web-console (3.7.0) lib/web_console/middleware.rb:20:in `call'
actionpack (5.2.3) lib/action_dispatch/middleware/show_exceptions.rb:33:in `call'
railties (5.2.3) lib/rails/rack/logger.rb:38:in `call_app'
railties (5.2.3) lib/rails/rack/logger.rb:26:in `block in call'
activesupport (5.2.3) lib/active_support/tagged_logging.rb:71:in `block in tagged'
activesupport (5.2.3) lib/active_support/tagged_logging.rb:28:in `tagged'
activesupport (5.2.3) lib/active_support/tagged_logging.rb:71:in `tagged'
railties (5.2.3) lib/rails/rack/logger.rb:26:in `call'
sprockets-rails (3.2.1) lib/sprockets/rails/quiet_assets.rb:13:in `call'
actionpack (5.2.3) lib/action_dispatch/middleware/remote_ip.rb:81:in `call'
actionpack (5.2.3) lib/action_dispatch/middleware/request_id.rb:27:in `call'
rack (2.0.7) lib/rack/method_override.rb:22:in `call'
rack (2.0.7) lib/rack/runtime.rb:22:in `call'
activesupport (5.2.3) lib/active_support/cache/strategy/local_cache_middleware.rb:29:in `call'
actionpack (5.2.3) lib/action_dispatch/middleware/executor.rb:14:in `call'
actionpack (5.2.3) lib/action_dispatch/middleware/static.rb:127:in `call'
rack (2.0.7) lib/rack/sendfile.rb:111:in `call'
railties (5.2.3) lib/rails/engine.rb:524:in `call'
puma (3.12.1) lib/puma/configuration.rb:227:in `call'
puma (3.12.1) lib/puma/server.rb:660:in `handle_request'
puma (3.12.1) lib/puma/server.rb:474:in `process_client'
puma (3.12.1) lib/puma/server.rb:334:in `block in run'
puma (3.12.1) lib/puma/thread_pool.rb:135:in `block in spawn_thread'
Started GET "/new/" for ::1 at 2019-07-26 16:24:32 -0600
  
ActionController::RoutingError (No route matches [GET] "/new"):
  
actionpack (5.2.3) lib/action_dispatch/middleware/debug_exceptions.rb:65:in `call'
web-console (3.7.0) lib/web_console/middleware.rb:135:in `call_app'
web-console (3.7.0) lib/web_console/middleware.rb:30:in `block in call'
web-console (3.7.0) lib/web_console/middleware.rb:20:in `catch'
web-console (3.7.0) lib/web_console/middleware.rb:20:in `call'
actionpack (5.2.3) lib/action_dispatch/middleware/show_exceptions.rb:33:in `call'
railties (5.2.3) lib/rails/rack/logger.rb:38:in `call_app'
railties (5.2.3) lib/rails/rack/logger.rb:26:in `block in call'
activesupport (5.2.3) lib/active_support/tagged_logging.rb:71:in `block in tagged'
activesupport (5.2.3) lib/active_support/tagged_logging.rb:28:in `tagged'
activesupport (5.2.3) lib/active_support/tagged_logging.rb:71:in `tagged'
railties (5.2.3) lib/rails/rack/logger.rb:26:in `call'
sprockets-rails (3.2.1) lib/sprockets/rails/quiet_assets.rb:13:in `call'
actionpack (5.2.3) lib/action_dispatch/middleware/remote_ip.rb:81:in `call'
actionpack (5.2.3) lib/action_dispatch/middleware/request_id.rb:27:in `call'
rack (2.0.7) lib/rack/method_override.rb:22:in `call'
rack (2.0.7) lib/rack/runtime.rb:22:in `call'
activesupport (5.2.3) lib/active_support/cache/strategy/local_cache_middleware.rb:29:in `call'
actionpack (5.2.3) lib/action_dispatch/middleware/executor.rb:14:in `call'
actionpack (5.2.3) lib/action_dispatch/middleware/static.rb:127:in `call'
rack (2.0.7) lib/rack/sendfile.rb:111:in `call'
railties (5.2.3) lib/rails/engine.rb:524:in `call'
puma (3.12.1) lib/puma/configuration.rb:227:in `call'
puma (3.12.1) lib/puma/server.rb:660:in `handle_request'
puma (3.12.1) lib/puma/server.rb:474:in `process_client'
puma (3.12.1) lib/puma/server.rb:334:in `block in run'
puma (3.12.1) lib/puma/thread_pool.rb:135:in `block in spawn_thread'
Started GET "//users/new/" for ::1 at 2019-07-26 16:26:48 -0600
Processing by UsersController#new as HTML
  Rendering users/new.html.erb within layouts/application
  Rendered users/new.html.erb within layouts/application (5.8ms)
Completed 500 Internal Server Error in 77ms (ActiveRecord: 49.6ms)



ActionView::MissingTemplate - Missing partial shared/_errors with {:locale=>[:en], :formats=>[:html], :variants=>[], :handlers=>[:raw, :erb, :html, :builder, :ruby, :coffee, :jbuilder]}. Searched in:
  * "/Users/stan/Desktop/a_a_Immersive /a:A_HomeWork/W9D5_RAILS/music_app/app/views"
:
  app/views/users/new.html.erb:5:in `_app_views_users_new_html_erb___1567550186952591590_70294647075860'
  app/controllers/users_controller.rb:9:in `new'

Started POST "/__better_errors/bc59167abdfcdcba/variables" for ::1 at 2019-07-26 16:26:49 -0600
Started GET "//users/new/" for ::1 at 2019-07-26 16:27:05 -0600
Processing by UsersController#new as HTML
  Rendering users/new.html.erb within layouts/application
  Rendered users/new.html.erb within layouts/application (1.4ms)
Completed 200 OK in 794ms (Views: 792.8ms | ActiveRecord: 0.0ms)


Started GET "/users/new" for ::1 at 2019-07-26 16:27:51 -0600
Processing by UsersController#new as HTML
  Rendering users/new.html.erb within layouts/application
  Rendered users/new.html.erb within layouts/application (0.9ms)
Completed 200 OK in 40ms (Views: 39.0ms | ActiveRecord: 0.0ms)


Started GET "/users/new" for ::1 at 2019-07-26 16:28:22 -0600
Processing by UsersController#new as HTML
  Rendering users/new.html.erb within layouts/application
  Rendered users/new.html.erb within layouts/application (0.7ms)
Completed 200 OK in 30ms (Views: 29.3ms | ActiveRecord: 0.0ms)


Started POST "/users" for ::1 at 2019-07-26 16:28:36 -0600
Processing by UsersController#create as HTML
  Parameters: {"authenticity_token"=>"0Sl0A+QEp3rxoH5V0IRgGntEZxWDdLzZg+b9MSlUinzIKlqmWKhuhnf+uPvKFG8X+hbFMz7oSX6iBgLLSOGVyw==", "user"=>{"password"=>"[FILTERED]"}}
  [1m[35m (0.2ms)[0m  [1m[35mBEGIN[0m
  ↳ app/controllers/users_controller.rb:15
  [1m[36mUser Exists (79.2ms)[0m  [1m[34mSELECT  1 AS one FROM "users" WHERE "users"."password_digest" = $1 LIMIT $2[0m  [["password_digest", "$2a$12$FuSjjBNsx9fdSqToAmJ3juG8LVAW17qaNIMZRIawqf.dRiW1JXT0K"], ["LIMIT", 1]]
  ↳ app/controllers/users_controller.rb:15
  [1m[36mUser Exists (0.5ms)[0m  [1m[34mSELECT  1 AS one FROM "users" WHERE "users"."session_token" = $1 LIMIT $2[0m  [["session_token", "ihIkY9BRvcCLtekwn9dyAg"], ["LIMIT", 1]]
  ↳ app/controllers/users_controller.rb:15
  [1m[35m (0.3ms)[0m  [1m[31mROLLBACK[0m
  ↳ app/controllers/users_controller.rb:15
Completed 500 Internal Server Error in 632ms (ActiveRecord: 80.2ms)



NameError - undefined local variable or method `fash' for #<UsersController:0x00007fdd87002f28>
Did you mean?  flash:
  app/controllers/users_controller.rb:20:in `create'

Started POST "/__better_errors/32d71615fb8e2b3e/variables" for ::1 at 2019-07-26 16:28:37 -0600
Started POST "/users" for ::1 at 2019-07-26 16:28:47 -0600
Processing by UsersController#create as HTML
  Parameters: {"authenticity_token"=>"0Sl0A+QEp3rxoH5V0IRgGntEZxWDdLzZg+b9MSlUinzIKlqmWKhuhnf+uPvKFG8X+hbFMz7oSX6iBgLLSOGVyw==", "user"=>{"password"=>"[FILTERED]"}}
  [1m[35m (0.3ms)[0m  [1m[35mBEGIN[0m
  ↳ app/controllers/users_controller.rb:15
  [1m[36mUser Exists (0.6ms)[0m  [1m[34mSELECT  1 AS one FROM "users" WHERE "users"."password_digest" = $1 LIMIT $2[0m  [["password_digest", "$2a$12$px7a7J1NyqKS4XIPuUcTVePIMeBCixlvs4jXIUFaE7zrr1fI6yI56"], ["LIMIT", 1]]
  ↳ app/controllers/users_controller.rb:15
  [1m[36mUser Exists (0.4ms)[0m  [1m[34mSELECT  1 AS one FROM "users" WHERE "users"."session_token" = $1 LIMIT $2[0m  [["session_token", "nXHefDI8dWaRqJzFHJvhHg"], ["LIMIT", 1]]
  ↳ app/controllers/users_controller.rb:15
  [1m[35m (0.2ms)[0m  [1m[31mROLLBACK[0m
  ↳ app/controllers/users_controller.rb:15
Completed 500 Internal Server Error in 603ms (ActiveRecord: 1.4ms)



NameError - undefined local variable or method `fash' for #<UsersController:0x00007fdd80dcf3b0>
Did you mean?  flash:
  app/controllers/users_controller.rb:20:in `create'

Started POST "/__better_errors/e8543257316242e6/variables" for ::1 at 2019-07-26 16:28:48 -0600
Started POST "/users" for ::1 at 2019-07-26 16:29:41 -0600
Processing by UsersController#create as HTML
  Parameters: {"authenticity_token"=>"0Sl0A+QEp3rxoH5V0IRgGntEZxWDdLzZg+b9MSlUinzIKlqmWKhuhnf+uPvKFG8X+hbFMz7oSX6iBgLLSOGVyw==", "user"=>{"password"=>"[FILTERED]"}}
  [1m[35m (0.3ms)[0m  [1m[35mBEGIN[0m
  ↳ app/controllers/users_controller.rb:15
  [1m[36mUser Exists (1.4ms)[0m  [1m[34mSELECT  1 AS one FROM "users" WHERE "users"."password_digest" = $1 LIMIT $2[0m  [["password_digest", "$2a$12$Y3D6CRpzFgSitbs8R74/hO5p6.EOOImde7dj8gnwiVCDBzC2RVDOC"], ["LIMIT", 1]]
  ↳ app/controllers/users_controller.rb:15
  [1m[36mUser Exists (0.5ms)[0m  [1m[34mSELECT  1 AS one FROM "users" WHERE "users"."session_token" = $1 LIMIT $2[0m  [["session_token", "lIMl4ZP5BYrj0ULXcyj53g"], ["LIMIT", 1]]
  ↳ app/controllers/users_controller.rb:15
  [1m[35m (0.2ms)[0m  [1m[31mROLLBACK[0m
  ↳ app/controllers/users_controller.rb:15
  Rendering users/new.html.erb within layouts/application
  Rendered users/new.html.erb within layouts/application (1.3ms)
Completed 200 OK in 347ms (Views: 41.6ms | ActiveRecord: 12.7ms)


Started POST "/users" for ::1 at 2019-07-26 16:31:00 -0600
Processing by UsersController#create as HTML
  Parameters: {"authenticity_token"=>"Uhi2ylo1iVW0eAMiMzfZPKrMnksUa47t+Oldhg7o/DFLG5hv5plAqTImxYwpp9YxK548ban3e0rZCaJ8b13jhg==", "user"=>{"password"=>"[FILTERED]"}}
  [1m[35m (0.2ms)[0m  [1m[35mBEGIN[0m
  ↳ app/controllers/users_controller.rb:15
  [1m[36mUser Exists (0.4ms)[0m  [1m[34mSELECT  1 AS one FROM "users" WHERE "users"."password_digest" = $1 LIMIT $2[0m  [["password_digest", "$2a$12$pWkuy.govkt.qbmd2gJMN.w/8r.PRzzb8BYzkjOfVdi0KLNNreFqO"], ["LIMIT", 1]]
  ↳ app/controllers/users_controller.rb:15
  [1m[36mUser Exists (0.4ms)[0m  [1m[34mSELECT  1 AS one FROM "users" WHERE "users"."session_token" = $1 LIMIT $2[0m  [["session_token", "gk9IWRsbKJwWDiPnic09GQ"], ["LIMIT", 1]]
  ↳ app/controllers/users_controller.rb:15
  [1m[35m (0.2ms)[0m  [1m[31mROLLBACK[0m
  ↳ app/controllers/users_controller.rb:15
  Rendering users/new.html.erb within layouts/application
  Rendered users/new.html.erb within layouts/application (1.0ms)
Completed 200 OK in 348ms (Views: 48.3ms | ActiveRecord: 7.8ms)


Started GET "/users" for ::1 at 2019-07-26 16:32:36 -0600
  [1m[35m (1.2ms)[0m  [1m[34mSELECT "schema_migrations"."version" FROM "schema_migrations" ORDER BY "schema_migrations"."version" ASC[0m
  ↳ /Users/stan/.rbenv/versions/2.5.1/lib/ruby/gems/2.5.0/gems/activerecord-5.2.3/lib/active_record/log_subscriber.rb:98
Processing by UsersController#index as HTML
Completed 500 Internal Server Error in 22ms (ActiveRecord: 0.0ms)



ActionView::MissingTemplate - Missing template users/index, application/index with {:locale=>[:en], :formats=>[:html], :variants=>[], :handlers=>[:raw, :erb, :html, :builder, :ruby, :coffee, :jbuilder]}. Searched in:
  * "/Users/stan/Desktop/a_a_Immersive /a:A_HomeWork/W9D5_RAILS/music_app/app/views"
:
  app/controllers/users_controller.rb:4:in `index'

Started POST "/__better_errors/cedbc0e54cf5d409/variables" for ::1 at 2019-07-26 16:32:36 -0600
  [1m[36mUser Load (0.7ms)[0m  [1m[34mSELECT  "users".* FROM "users" LIMIT $1[0m  [["LIMIT", 11]]
  ↳ /Users/stan/.rbenv/versions/2.5.1/lib/ruby/gems/2.5.0/gems/activerecord-5.2.3/lib/active_record/log_subscriber.rb:98
  [1m[36mCACHE User Load (0.0ms)[0m  [1m[34mSELECT  "users".* FROM "users" LIMIT $1[0m  [["LIMIT", 11]]
  ↳ /Users/stan/.rbenv/versions/2.5.1/lib/ruby/gems/2.5.0/gems/activerecord-5.2.3/lib/active_record/log_subscriber.rb:98
  [1m[36mCACHE User Load (0.0ms)[0m  [1m[34mSELECT  "users".* FROM "users" LIMIT $1[0m  [["LIMIT", 11]]
  ↳ /Users/stan/.rbenv/versions/2.5.1/lib/ruby/gems/2.5.0/gems/activerecord-5.2.3/lib/active_record/log_subscriber.rb:98
  [1m[36mCACHE User Load (0.0ms)[0m  [1m[34mSELECT  "users".* FROM "users" LIMIT $1[0m  [["LIMIT", 11]]
  ↳ /Users/stan/.rbenv/versions/2.5.1/lib/ruby/gems/2.5.0/gems/activerecord-5.2.3/lib/active_record/log_subscriber.rb:98
Started GET "/users" for ::1 at 2019-07-26 16:32:40 -0600
Processing by UsersController#index as HTML
Completed 500 Internal Server Error in 6ms (ActiveRecord: 0.0ms)



ActionView::MissingTemplate - Missing template users/index, application/index with {:locale=>[:en], :formats=>[:html], :variants=>[], :handlers=>[:raw, :erb, :html, :builder, :ruby, :coffee, :jbuilder]}. Searched in:
  * "/Users/stan/Desktop/a_a_Immersive /a:A_HomeWork/W9D5_RAILS/music_app/app/views"
:
  app/controllers/users_controller.rb:4:in `index'

Started POST "/__better_errors/6791307b9d0e4a70/variables" for ::1 at 2019-07-26 16:32:41 -0600
  [1m[36mUser Load (0.3ms)[0m  [1m[34mSELECT  "users".* FROM "users" LIMIT $1[0m  [["LIMIT", 11]]
  ↳ /Users/stan/.rbenv/versions/2.5.1/lib/ruby/gems/2.5.0/gems/activerecord-5.2.3/lib/active_record/log_subscriber.rb:98
  [1m[36mCACHE User Load (0.0ms)[0m  [1m[34mSELECT  "users".* FROM "users" LIMIT $1[0m  [["LIMIT", 11]]
  ↳ /Users/stan/.rbenv/versions/2.5.1/lib/ruby/gems/2.5.0/gems/activerecord-5.2.3/lib/active_record/log_subscriber.rb:98
  [1m[36mCACHE User Load (0.0ms)[0m  [1m[34mSELECT  "users".* FROM "users" LIMIT $1[0m  [["LIMIT", 11]]
  ↳ /Users/stan/.rbenv/versions/2.5.1/lib/ruby/gems/2.5.0/gems/activerecord-5.2.3/lib/active_record/log_subscriber.rb:98
  [1m[36mCACHE User Load (0.0ms)[0m  [1m[34mSELECT  "users".* FROM "users" LIMIT $1[0m  [["LIMIT", 11]]
  ↳ /Users/stan/.rbenv/versions/2.5.1/lib/ruby/gems/2.5.0/gems/activerecord-5.2.3/lib/active_record/log_subscriber.rb:98
Started GET "/users" for ::1 at 2019-07-26 16:32:58 -0600

AbstractController::ActionNotFound - The action 'index' could not be found for UsersController:

Started POST "/__better_errors/0e26cc27cd76dc73/variables" for ::1 at 2019-07-26 16:32:58 -0600
Started POST "/__better_errors/0e26cc27cd76dc73/variables" for ::1 at 2019-07-26 16:33:02 -0600
Started GET "/users/new/" for ::1 at 2019-07-26 16:33:11 -0600
Processing by UsersController#new as HTML
  Rendering users/new.html.erb within layouts/application
  Rendered users/new.html.erb within layouts/application (1.8ms)
Completed 200 OK in 281ms (Views: 246.1ms | ActiveRecord: 6.7ms)


Started GET "/users/new/" for ::1 at 2019-07-26 16:33:28 -0600
Processing by UsersController#new as HTML
  Rendering users/new.html.erb within layouts/application
  Rendered users/new.html.erb within layouts/application (1.2ms)
Completed 200 OK in 32ms (Views: 31.1ms | ActiveRecord: 0.0ms)


Started GET "/users/new/" for ::1 at 2019-07-26 16:34:08 -0600
Processing by UsersController#new as HTML
  Rendering users/new.html.erb within layouts/application
  Rendered users/new.html.erb within layouts/application (0.8ms)
Completed 200 OK in 33ms (Views: 32.1ms | ActiveRecord: 0.0ms)


Started POST "/users" for ::1 at 2019-07-26 16:34:16 -0600
Processing by UsersController#create as HTML
  Parameters: {"authenticity_token"=>"AYSJ9jqnsLVhpRCOC0bymSqve95/UJTA1bnkzoP2UeYYh6dThgt5Sef71iAR1v2Uq/3Z+MLMYWf0WRs04kNOUQ==", "user"=>{"password"=>"[FILTERED]"}}
  [1m[35m (0.2ms)[0m  [1m[35mBEGIN[0m
  ↳ app/controllers/users_controller.rb:15
  [1m[36mUser Exists (0.7ms)[0m  [1m[34mSELECT  1 AS one FROM "users" WHERE "users"."password_digest" = $1 LIMIT $2[0m  [["password_digest", "$2a$12$eHDwG5jPQrHMMXnkzlUp6.LFzx5Uqh9e9ivO55okEvO/7kb3A2.YG"], ["LIMIT", 1]]
  ↳ app/controllers/users_controller.rb:15
  [1m[36mUser Exists (0.3ms)[0m  [1m[34mSELECT  1 AS one FROM "users" WHERE "users"."session_token" = $1 LIMIT $2[0m  [["session_token", "S7mYiVatjWPTHfLzysnNXQ"], ["LIMIT", 1]]
  ↳ app/controllers/users_controller.rb:15
  [1m[35m (0.2ms)[0m  [1m[31mROLLBACK[0m
  ↳ app/controllers/users_controller.rb:15
  Rendering users/new.html.erb within layouts/application
  Rendered users/new.html.erb within layouts/application (0.7ms)
Completed 200 OK in 320ms (Views: 26.4ms | ActiveRecord: 1.4ms)


Started GET "/users" for ::1 at 2019-07-26 16:38:06 -0600

AbstractController::ActionNotFound - The action 'index' could not be found for UsersController:

Started POST "/__better_errors/8a21ef47776fc02f/variables" for ::1 at 2019-07-26 16:38:06 -0600
Started GET "/users/new/" for ::1 at 2019-07-26 16:38:28 -0600
Processing by UsersController#new as HTML
  Rendering users/new.html.erb within layouts/application
  Rendered users/new.html.erb within layouts/application (0.9ms)
Completed 200 OK in 53ms (Views: 52.2ms | ActiveRecord: 0.0ms)


Started POST "/users" for ::1 at 2019-07-26 16:38:31 -0600
Processing by UsersController#create as HTML
  Parameters: {"authenticity_token"=>"QzjKgfedy0QDY64B8Xipv4hVT+Py5EpJ2mJ6KyioLGhaO+QkSzECuIU9aK/r6KayCQftxU94v+77goXRSR0z3w==", "user"=>{"password"=>"[FILTERED]"}}
  [1m[35m (0.3ms)[0m  [1m[35mBEGIN[0m
  ↳ app/controllers/users_controller.rb:15
  [1m[36mUser Exists (0.6ms)[0m  [1m[34mSELECT  1 AS one FROM "users" WHERE "users"."password_digest" = $1 LIMIT $2[0m  [["password_digest", "$2a$12$tnb6KzqpKUmQ.zommGXly.zNODECVrCDLpibp85xCrpSDmyluEXx2"], ["LIMIT", 1]]
  ↳ app/controllers/users_controller.rb:15
  [1m[36mUser Exists (0.5ms)[0m  [1m[34mSELECT  1 AS one FROM "users" WHERE "users"."session_token" = $1 LIMIT $2[0m  [["session_token", "DTUVSE-99dJhXMpHTqY90Q"], ["LIMIT", 1]]
  ↳ app/controllers/users_controller.rb:15
  [1m[35m (0.8ms)[0m  [1m[31mROLLBACK[0m
  ↳ app/controllers/users_controller.rb:15
  Rendering users/new.html.erb within layouts/application
  Rendered users/new.html.erb within layouts/application (0.7ms)
Completed 200 OK in 320ms (Views: 32.5ms | ActiveRecord: 2.2ms)


Started POST "/users" for ::1 at 2019-07-26 16:38:33 -0600
Processing by UsersController#create as HTML
  Parameters: {"authenticity_token"=>"lCVr4nQuS0yKesQdIzE8jVQPXOuh7SbH2Olu5cjz1RaNJkVHyIKCsAwkArM5oTOA1V3+zRxx02D5CZEfqUbKoQ==", "user"=>{"password"=>"[FILTERED]"}}
  [1m[35m (0.2ms)[0m  [1m[35mBEGIN[0m
  ↳ app/controllers/users_controller.rb:15
  [1m[36mUser Exists (0.4ms)[0m  [1m[34mSELECT  1 AS one FROM "users" WHERE "users"."password_digest" = $1 LIMIT $2[0m  [["password_digest", "$2a$12$JsHob2QAn9VN7HOSzDZoQeZfyJZNLB3d7F6VtEwizsfEo6m4r0jwq"], ["LIMIT", 1]]
  ↳ app/controllers/users_controller.rb:15
  [1m[36mUser Exists (0.4ms)[0m  [1m[34mSELECT  1 AS one FROM "users" WHERE "users"."session_token" = $1 LIMIT $2[0m  [["session_token", "lhbjNVrXBmzBByuAu91_9g"], ["LIMIT", 1]]
  ↳ app/controllers/users_controller.rb:15
  [1m[35m (0.2ms)[0m  [1m[31mROLLBACK[0m
  ↳ app/controllers/users_controller.rb:15
  Rendering users/new.html.erb within layouts/application
  Rendered users/new.html.erb within layouts/application (0.6ms)
Completed 200 OK in 310ms (Views: 28.6ms | ActiveRecord: 1.2ms)


Started POST "/users" for ::1 at 2019-07-26 16:38:47 -0600
Processing by UsersController#create as HTML
  Parameters: {"authenticity_token"=>"w4CTjolthT7VFofDVBmUKklSCwyySvLfHxhQaR6jbJLag70rNcFMwlNIQW1OiZsnyACpKg/WB3g++K+TfxZzJQ==", "user"=>{"password"=>"[FILTERED]"}}
  [1m[35m (0.2ms)[0m  [1m[35mBEGIN[0m
  ↳ app/controllers/users_controller.rb:15
  [1m[36mUser Exists (0.4ms)[0m  [1m[34mSELECT  1 AS one FROM "users" WHERE "users"."password_digest" = $1 LIMIT $2[0m  [["password_digest", "$2a$12$JjwfiecwFk5l.oHDUgG9wORBf1iyX1od8oKLfZKHpYH6L7aEDH4Ma"], ["LIMIT", 1]]
  ↳ app/controllers/users_controller.rb:15
  [1m[36mUser Exists (0.4ms)[0m  [1m[34mSELECT  1 AS one FROM "users" WHERE "users"."session_token" = $1 LIMIT $2[0m  [["session_token", "fTPcevQ3dhopH7vKYKVEBA"], ["LIMIT", 1]]
  ↳ app/controllers/users_controller.rb:15
  [1m[35m (0.2ms)[0m  [1m[31mROLLBACK[0m
  ↳ app/controllers/users_controller.rb:15
  Rendering users/new.html.erb within layouts/application
  Rendered users/new.html.erb within layouts/application (0.7ms)
Completed 200 OK in 311ms (Views: 29.2ms | ActiveRecord: 1.2ms)


Started GET "/users" for ::1 at 2019-07-26 16:40:09 -0600

AbstractController::ActionNotFound - The action 'index' could not be found for UsersController:

Started POST "/__better_errors/ce4e69508a6550ff/variables" for ::1 at 2019-07-26 16:40:09 -0600
Started GET "/users/new" for ::1 at 2019-07-26 16:40:23 -0600
Processing by UsersController#new as HTML
  Rendering users/new.html.erb within layouts/application
  Rendered users/new.html.erb within layouts/application (0.9ms)
Completed 200 OK in 41ms (Views: 40.3ms | ActiveRecord: 0.0ms)


  [1m[35m (13.4ms)[0m  [1m[34mSELECT pg_try_advisory_lock(4505726345591715405)[0m
  ↳ bin/rails:9
  [1m[35m (1.4ms)[0m  [1m[34mSELECT "schema_migrations"."version" FROM "schema_migrations" ORDER BY "schema_migrations"."version" ASC[0m
  ↳ bin/rails:9
Migrating to CreateBands (20190726224454)
  [1m[35m (0.2ms)[0m  [1m[35mBEGIN[0m
  ↳ bin/rails:9
  [1m[35m (61.4ms)[0m  [1m[35mCREATE TABLE "bands" ("id" bigserial primary key, "name" character varying NOT NULL, "created_at" timestamp NOT NULL, "updated_at" timestamp NOT NULL)[0m
  ↳ db/migrate/20190726224454_create_bands.rb:3
  [1m[36mActiveRecord::SchemaMigration Create (1.3ms)[0m  [1m[32mINSERT INTO "schema_migrations" ("version") VALUES ($1) RETURNING "version"[0m  [["version", "20190726224454"]]
  ↳ bin/rails:9
  [1m[35m (2.4ms)[0m  [1m[35mCOMMIT[0m
  ↳ bin/rails:9
  [1m[36mActiveRecord::InternalMetadata Load (18.4ms)[0m  [1m[34mSELECT  "ar_internal_metadata".* FROM "ar_internal_metadata" WHERE "ar_internal_metadata"."key" = $1 LIMIT $2[0m  [["key", "environment"], ["LIMIT", 1]]
  ↳ bin/rails:9
  [1m[35m (0.1ms)[0m  [1m[35mBEGIN[0m
  ↳ bin/rails:9
  [1m[35m (0.1ms)[0m  [1m[35mCOMMIT[0m
  ↳ bin/rails:9
  [1m[35m (0.3ms)[0m  [1m[34mSELECT pg_advisory_unlock(4505726345591715405)[0m
  ↳ bin/rails:9
  [1m[35m (0.3ms)[0m  [1m[34mSELECT "schema_migrations"."version" FROM "schema_migrations" ORDER BY "schema_migrations"."version" ASC[0m
  ↳ bin/rails:9
  [1m[35m (2.5ms)[0m  [1m[34mSELECT "schema_migrations"."version" FROM "schema_migrations" ORDER BY "schema_migrations"."version" ASC[0m
  ↳ bin/rails:9
Started GET "/users/new" for ::1 at 2019-07-26 17:32:15 -0600
  [1m[35m (0.9ms)[0m  [1m[34mSELECT "schema_migrations"."version" FROM "schema_migrations" ORDER BY "schema_migrations"."version" ASC[0m
  ↳ /Users/stan/.rbenv/versions/2.5.1/lib/ruby/gems/2.5.0/gems/activerecord-5.2.3/lib/active_record/log_subscriber.rb:98
Processing by UsersController#new as HTML
  Rendering users/new.html.erb within layouts/application
  Rendered users/new.html.erb within layouts/application (1.6ms)
Completed 200 OK in 354ms (Views: 327.2ms | ActiveRecord: 8.0ms)


Started POST "/users" for ::1 at 2019-07-26 17:32:24 -0600
Processing by UsersController#create as HTML
  Parameters: {"authenticity_token"=>"HVZnpqcEdEYcGC5fssOZunBKcAxK6ZqhcWmifd+z8MUEVUkDG6i9uppG6PGoU5a38RjSKvd1bwZQiV2Hvgbvcg==", "user"=>{"password"=>"[FILTERED]"}}
  [1m[35m (0.3ms)[0m  [1m[35mBEGIN[0m
  ↳ app/controllers/users_controller.rb:15
  [1m[36mUser Exists (1.7ms)[0m  [1m[34mSELECT  1 AS one FROM "users" WHERE "users"."password_digest" = $1 LIMIT $2[0m  [["password_digest", "$2a$12$/ldVQoAvTH0h2IhIvDZkluk5T.Hk9JTStTlssKTaKwXeMBH46xZJS"], ["LIMIT", 1]]
  ↳ app/controllers/users_controller.rb:15
  [1m[36mUser Exists (0.4ms)[0m  [1m[34mSELECT  1 AS one FROM "users" WHERE "users"."session_token" = $1 LIMIT $2[0m  [["session_token", "cqDWkqLWPHXDC29nmX0s4g"], ["LIMIT", 1]]
  ↳ app/controllers/users_controller.rb:15
  [1m[35m (0.2ms)[0m  [1m[31mROLLBACK[0m
  ↳ app/controllers/users_controller.rb:15
  Rendering users/new.html.erb within layouts/application
  Rendered users/new.html.erb within layouts/application (0.8ms)
Completed 200 OK in 323ms (Views: 29.8ms | ActiveRecord: 2.7ms)


Started GET "/bands" for ::1 at 2019-07-26 17:32:34 -0600

SyntaxError - syntax error, unexpected end-of-input, expecting keyword_end:
  app/controllers/bands_controller.rb:66:in `'

Started POST "/__better_errors/b8834b6260cff6c9/variables" for ::1 at 2019-07-26 17:32:34 -0600
Started GET "/band" for ::1 at 2019-07-26 17:32:40 -0600
  
ActionController::RoutingError (No route matches [GET] "/band"):
  
actionpack (5.2.3) lib/action_dispatch/middleware/debug_exceptions.rb:65:in `call'
web-console (3.7.0) lib/web_console/middleware.rb:135:in `call_app'
web-console (3.7.0) lib/web_console/middleware.rb:30:in `block in call'
web-console (3.7.0) lib/web_console/middleware.rb:20:in `catch'
web-console (3.7.0) lib/web_console/middleware.rb:20:in `call'
actionpack (5.2.3) lib/action_dispatch/middleware/show_exceptions.rb:33:in `call'
railties (5.2.3) lib/rails/rack/logger.rb:38:in `call_app'
railties (5.2.3) lib/rails/rack/logger.rb:26:in `block in call'
activesupport (5.2.3) lib/active_support/tagged_logging.rb:71:in `block in tagged'
activesupport (5.2.3) lib/active_support/tagged_logging.rb:28:in `tagged'
activesupport (5.2.3) lib/active_support/tagged_logging.rb:71:in `tagged'
railties (5.2.3) lib/rails/rack/logger.rb:26:in `call'
sprockets-rails (3.2.1) lib/sprockets/rails/quiet_assets.rb:13:in `call'
actionpack (5.2.3) lib/action_dispatch/middleware/remote_ip.rb:81:in `call'
actionpack (5.2.3) lib/action_dispatch/middleware/request_id.rb:27:in `call'
rack (2.0.7) lib/rack/method_override.rb:22:in `call'
rack (2.0.7) lib/rack/runtime.rb:22:in `call'
activesupport (5.2.3) lib/active_support/cache/strategy/local_cache_middleware.rb:29:in `call'
actionpack (5.2.3) lib/action_dispatch/middleware/executor.rb:14:in `call'
actionpack (5.2.3) lib/action_dispatch/middleware/static.rb:127:in `call'
rack (2.0.7) lib/rack/sendfile.rb:111:in `call'
railties (5.2.3) lib/rails/engine.rb:524:in `call'
puma (3.12.1) lib/puma/configuration.rb:227:in `call'
puma (3.12.1) lib/puma/server.rb:660:in `handle_request'
puma (3.12.1) lib/puma/server.rb:474:in `process_client'
puma (3.12.1) lib/puma/server.rb:334:in `block in run'
puma (3.12.1) lib/puma/thread_pool.rb:135:in `block in spawn_thread'
Started GET "/" for ::1 at 2019-07-26 17:32:46 -0600
Processing by Rails::WelcomeController#index as HTML
  Rendering /Users/stan/.rbenv/versions/2.5.1/lib/ruby/gems/2.5.0/gems/railties-5.2.3/lib/rails/templates/rails/welcome/index.html.erb
  Rendered /Users/stan/.rbenv/versions/2.5.1/lib/ruby/gems/2.5.0/gems/railties-5.2.3/lib/rails/templates/rails/welcome/index.html.erb (2.5ms)
Completed 200 OK in 12ms (Views: 7.5ms | ActiveRecord: 0.0ms)


Started GET "/users/new" for ::1 at 2019-07-26 17:32:51 -0600
Processing by UsersController#new as HTML
  Rendering users/new.html.erb within layouts/application
  Rendered users/new.html.erb within layouts/application (0.9ms)
Completed 200 OK in 37ms (Views: 36.1ms | ActiveRecord: 0.0ms)


Started GET "/bands" for ::1 at 2019-07-26 17:33:05 -0600

SyntaxError - syntax error, unexpected end-of-input, expecting keyword_end:
  app/controllers/bands_controller.rb:66:in `'

Started POST "/__better_errors/e4f763dd74d84883/variables" for ::1 at 2019-07-26 17:33:05 -0600
Started GET "/users/new" for ::1 at 2019-07-26 17:35:40 -0600
Processing by UsersController#new as HTML
  Rendering users/new.html.erb within layouts/application
  Rendered users/new.html.erb within layouts/application (0.8ms)
Completed 200 OK in 69ms (Views: 45.2ms | ActiveRecord: 11.3ms)


Started POST "/users" for ::1 at 2019-07-26 17:35:46 -0600
Processing by UsersController#create as HTML
  Parameters: {"authenticity_token"=>"mz8L9QFuM2fE0Ggy+4yDMO97qYhEohO6/J2PnpLt+OmCPCVQvcL6m0KOrpzhHIw9bikLrvk+5h3dfXBk81jnXg==", "user"=>{"password"=>"[FILTERED]"}}
  [1m[35m (0.2ms)[0m  [1m[35mBEGIN[0m
  ↳ app/controllers/users_controller.rb:15
  [1m[36mUser Exists (0.5ms)[0m  [1m[34mSELECT  1 AS one FROM "users" WHERE "users"."password_digest" = $1 LIMIT $2[0m  [["password_digest", "$2a$12$edbgEQK0zRthmDgppWyGMOBJfAr6Paqp6d1e4yRGxrgTt78yD3acu"], ["LIMIT", 1]]
  ↳ app/controllers/users_controller.rb:15
  [1m[36mUser Exists (0.3ms)[0m  [1m[34mSELECT  1 AS one FROM "users" WHERE "users"."session_token" = $1 LIMIT $2[0m  [["session_token", "ZyuTUlRdL30Cj8NUJDJZQw"], ["LIMIT", 1]]
  ↳ app/controllers/users_controller.rb:15
  [1m[35m (0.2ms)[0m  [1m[31mROLLBACK[0m
  ↳ app/controllers/users_controller.rb:15
  Rendering users/new.html.erb within layouts/application
  Rendered users/new.html.erb within layouts/application (1.0ms)
Completed 200 OK in 329ms (Views: 42.0ms | ActiveRecord: 1.2ms)


Started GET "/bands" for ::1 at 2019-07-26 17:35:53 -0600
Processing by BandsController#index as HTML
Completed 500 Internal Server Error in 169ms (ActiveRecord: 0.0ms)



NoMethodError - undefined method `require_logged_in' for #<BandsController:0x00007fd64a4dabe8>
Did you mean?  require_or_load:

Started POST "/__better_errors/58a92b9b97911559/variables" for ::1 at 2019-07-26 17:35:53 -0600
Started GET "/bands" for ::1 at 2019-07-26 17:36:30 -0600
Processing by BandsController#index as HTML
  Rendering bands/index.html.erb within layouts/application
  [1m[36mBand Load (42.4ms)[0m  [1m[34mSELECT "bands".* FROM "bands"[0m
  ↳ app/views/bands/index.html.erb:3
  Rendered collection of templates [0 times] (0.0ms)
  Rendered bands/index.html.erb within layouts/application (47.8ms)
Completed 200 OK in 97ms (Views: 41.7ms | ActiveRecord: 44.9ms)


Started GET "/bands/new" for ::1 at 2019-07-26 17:36:35 -0600
Processing by BandsController#new as HTML
  Rendering bands/new.html.erb within layouts/application
  Rendered bands/_form.html.erb (388.9ms)
  Rendered bands/new.html.erb within layouts/application (394.5ms)
Completed 500 Internal Server Error in 408ms (ActiveRecord: 0.0ms)



NameError - undefined local variable or method `authenticity_token' for #<#<Class:0x00007fd64f079568>:0x00007fd64b04e830>:
  app/views/bands/_form.html.erb:8:in `_app_views_bands__form_html_erb__1316959045427805836_70279221517220'
  app/views/bands/new.html.erb:3:in `_app_views_bands_new_html_erb__3982612683364523734_70279179168420'
  app/controllers/bands_controller.rb:10:in `new'

Started POST "/__better_errors/41dff5a248f65373/variables" for ::1 at 2019-07-26 17:36:36 -0600
Started GET "/bands" for ::1 at 2019-07-26 17:36:41 -0600
Processing by BandsController#index as HTML
  Rendering bands/index.html.erb within layouts/application
  [1m[36mBand Load (0.6ms)[0m  [1m[34mSELECT "bands".* FROM "bands"[0m
  ↳ app/views/bands/index.html.erb:3
  Rendered collection of templates [0 times] (0.0ms)
  Rendered bands/index.html.erb within layouts/application (2.7ms)
Completed 200 OK in 51ms (Views: 49.9ms | ActiveRecord: 0.6ms)


Started GET "/bands/new" for ::1 at 2019-07-26 17:49:33 -0600
Processing by BandsController#new as HTML
  Rendering bands/new.html.erb within layouts/application
  Rendered bands/_form.html.erb (547.9ms)
  Rendered bands/new.html.erb within layouts/application (551.6ms)
Completed 500 Internal Server Error in 560ms (ActiveRecord: 0.0ms)



NameError - undefined local variable or method `authenticity_token' for #<#<Class:0x00007fd64f079568>:0x00007fd6494e68e0>:
  app/views/bands/_form.html.erb:8:in `_app_views_bands__form_html_erb__1316959045427805836_70279204178500'
  app/views/bands/new.html.erb:3:in `_app_views_bands_new_html_erb__3982612683364523734_70279164769260'
  app/controllers/bands_controller.rb:10:in `new'

Started POST "/__better_errors/4a7d86158572f83f/variables" for ::1 at 2019-07-26 17:49:34 -0600
Started GET "/bands" for ::1 at 2019-07-26 17:49:37 -0600
Processing by BandsController#index as HTML
  Rendering bands/index.html.erb within layouts/application
  [1m[36mBand Load (1.1ms)[0m  [1m[34mSELECT "bands".* FROM "bands"[0m
  ↳ app/views/bands/index.html.erb:3
  Rendered collection of templates [0 times] (0.0ms)
  Rendered bands/index.html.erb within layouts/application (2.9ms)
Completed 200 OK in 88ms (Views: 86.3ms | ActiveRecord: 1.1ms)


Started GET "/users" for ::1 at 2019-07-26 17:49:39 -0600

AbstractController::ActionNotFound - The action 'index' could not be found for UsersController:

Started POST "/__better_errors/b50cbea4e159a134/variables" for ::1 at 2019-07-26 17:49:39 -0600
Started POST "/users" for ::1 at 2019-07-26 17:49:48 -0600
Processing by UsersController#create as HTML
  Parameters: {"authenticity_token"=>"mz8L9QFuM2fE0Ggy+4yDMO97qYhEohO6/J2PnpLt+OmCPCVQvcL6m0KOrpzhHIw9bikLrvk+5h3dfXBk81jnXg==", "user"=>{"password"=>"[FILTERED]"}}
  [1m[35m (0.2ms)[0m  [1m[35mBEGIN[0m
  ↳ app/controllers/users_controller.rb:15
  [1m[36mUser Exists (1.3ms)[0m  [1m[34mSELECT  1 AS one FROM "users" WHERE "users"."password_digest" = $1 LIMIT $2[0m  [["password_digest", "$2a$12$KYmdPHckXX.ySQt8Z7Z05uxsvJYuqSaXDE3/LT6WsOFBJozd1F1uq"], ["LIMIT", 1]]
  ↳ app/controllers/users_controller.rb:15
  [1m[36mUser Exists (0.4ms)[0m  [1m[34mSELECT  1 AS one FROM "users" WHERE "users"."session_token" = $1 LIMIT $2[0m  [["session_token", "BT_C-1_FykNw65m7D08xDQ"], ["LIMIT", 1]]
  ↳ app/controllers/users_controller.rb:15
  [1m[35m (0.2ms)[0m  [1m[31mROLLBACK[0m
  ↳ app/controllers/users_controller.rb:15
  Rendering users/new.html.erb within layouts/application
  Rendered users/new.html.erb within layouts/application (0.8ms)
Completed 200 OK in 399ms (Views: 44.2ms | ActiveRecord: 22.7ms)


Started POST "/users" for ::1 at 2019-07-26 17:49:55 -0600
Processing by UsersController#create as HTML
  Parameters: {"authenticity_token"=>"Z7COv0hhLDxzxr9S1VOVhun5ZGtTAp0W9BS8r8veKyF+s6Aa9M3lwPWYefzPw5qLaKvGTe6eaLHV9ENVqms0lg==", "user"=>{"password"=>"[FILTERED]"}}
  [1m[35m (0.2ms)[0m  [1m[35mBEGIN[0m
  ↳ app/controllers/users_controller.rb:15
  [1m[36mUser Exists (0.6ms)[0m  [1m[34mSELECT  1 AS one FROM "users" WHERE "users"."password_digest" = $1 LIMIT $2[0m  [["password_digest", "$2a$12$Hx6tUb2v2.1yny21JfUmZeqp4f7oKH/rJsccaO1thx802IXu41sWu"], ["LIMIT", 1]]
  ↳ app/controllers/users_controller.rb:15
  [1m[36mUser Exists (0.3ms)[0m  [1m[34mSELECT  1 AS one FROM "users" WHERE "users"."session_token" = $1 LIMIT $2[0m  [["session_token", "rX5GRDnoJxNfi2LmQIxhfQ"], ["LIMIT", 1]]
  ↳ app/controllers/users_controller.rb:15
  [1m[35m (0.1ms)[0m  [1m[31mROLLBACK[0m
  ↳ app/controllers/users_controller.rb:15
  Rendering users/new.html.erb within layouts/application
  Rendered users/new.html.erb within layouts/application (0.7ms)
Completed 200 OK in 318ms (Views: 35.8ms | ActiveRecord: 1.3ms)


Started GET "/users" for ::1 at 2019-07-27 12:55:25 -0600

AbstractController::ActionNotFound - The action 'index' could not be found for UsersController:

Started POST "/__better_errors/ba663aaf4d56683e/variables" for ::1 at 2019-07-27 12:55:27 -0600
Started GET "/users" for ::1 at 2019-07-27 12:58:07 -0600
  [1m[35m (17.0ms)[0m  [1m[34mSELECT "schema_migrations"."version" FROM "schema_migrations" ORDER BY "schema_migrations"."version" ASC[0m
  ↳ /Users/stan/.rbenv/versions/2.5.1/lib/ruby/gems/2.5.0/gems/activerecord-5.2.3/lib/active_record/log_subscriber.rb:98

AbstractController::ActionNotFound - The action 'index' could not be found for UsersController:

Started POST "/__better_errors/568c48274af46fd5/variables" for ::1 at 2019-07-27 12:58:08 -0600
Started GET "/bands" for ::1 at 2019-07-27 12:58:19 -0600
Processing by BandsController#index as HTML
  Rendering bands/index.html.erb within layouts/application
  [1m[36mBand Load (6.8ms)[0m  [1m[34mSELECT "bands".* FROM "bands"[0m
  ↳ app/views/bands/index.html.erb:3
  Rendered collection of templates [0 times] (0.0ms)
  Rendered bands/index.html.erb within layouts/application (37.0ms)
Completed 200 OK in 456ms (Views: 390.9ms | ActiveRecord: 32.7ms)


Started GET "/bands/new" for ::1 at 2019-07-27 12:58:23 -0600
Processing by BandsController#new as HTML
  Rendering bands/new.html.erb within layouts/application
  Rendered bands/_form.html.erb (330.5ms)
  Rendered bands/new.html.erb within layouts/application (337.5ms)
Completed 500 Internal Server Error in 349ms (ActiveRecord: 0.0ms)



NameError - undefined local variable or method `authenticity_token' for #<#<Class:0x00007ffcfa106310>:0x00007ffcf5e1aab0>:
  app/views/bands/_form.html.erb:8:in `_app_views_bands__form_html_erb__1409905107818766528_70362257427860'
  app/views/bands/new.html.erb:3:in `_app_views_bands_new_html_erb__4515560569957795152_70362216844240'
  app/controllers/bands_controller.rb:10:in `new'

Started POST "/__better_errors/560f62df69e36052/variables" for ::1 at 2019-07-27 12:58:23 -0600
Started GET "/bands" for ::1 at 2019-07-27 12:58:31 -0600
Processing by BandsController#index as HTML
  Rendering bands/index.html.erb within layouts/application
  [1m[36mBand Load (0.4ms)[0m  [1m[34mSELECT "bands".* FROM "bands"[0m
  ↳ app/views/bands/index.html.erb:3
  Rendered collection of templates [0 times] (0.0ms)
  Rendered bands/index.html.erb within layouts/application (1.9ms)
Completed 200 OK in 30ms (Views: 28.6ms | ActiveRecord: 0.4ms)


Started POST "/__better_errors/568c48274af46fd5/variables" for ::1 at 2019-07-27 12:58:34 -0600
Started POST "/__better_errors/568c48274af46fd5/variables" for ::1 at 2019-07-27 12:58:35 -0600
Started POST "/users" for ::1 at 2019-07-27 12:58:43 -0600
Processing by UsersController#create as HTML
  Parameters: {"authenticity_token"=>"mz8L9QFuM2fE0Ggy+4yDMO97qYhEohO6/J2PnpLt+OmCPCVQvcL6m0KOrpzhHIw9bikLrvk+5h3dfXBk81jnXg==", "user"=>{"password"=>"[FILTERED]"}}
  [1m[35m (91.6ms)[0m  [1m[35mBEGIN[0m
  ↳ app/controllers/users_controller.rb:15
  [1m[36mUser Exists (18.3ms)[0m  [1m[34mSELECT  1 AS one FROM "users" WHERE "users"."password_digest" = $1 LIMIT $2[0m  [["password_digest", "$2a$12$t5ME2k6SUPSPCPBRshE17Oh30zP07GOdv1.uz3wNIzEwIMCTc6RXm"], ["LIMIT", 1]]
  ↳ app/controllers/users_controller.rb:15
  [1m[36mUser Exists (0.5ms)[0m  [1m[34mSELECT  1 AS one FROM "users" WHERE "users"."session_token" = $1 LIMIT $2[0m  [["session_token", "KC09qW3YVs8v-LkXFl_sug"], ["LIMIT", 1]]
  ↳ app/controllers/users_controller.rb:15
  [1m[35m (19.9ms)[0m  [1m[31mROLLBACK[0m
  ↳ app/controllers/users_controller.rb:15
  Rendering users/new.html.erb within layouts/application
  Rendered users/new.html.erb within layouts/application (1.0ms)
Completed 200 OK in 521ms (Views: 43.3ms | ActiveRecord: 161.5ms)


Started GET "/users" for ::1 at 2019-07-27 13:07:43 -0600

AbstractController::ActionNotFound - The action 'index' could not be found for UsersController:

Started POST "/__better_errors/f437218b8ef8fac6/variables" for ::1 at 2019-07-27 13:07:43 -0600
Started GET "/bands" for ::1 at 2019-07-27 13:07:55 -0600
Processing by BandsController#index as HTML
  Rendering bands/index.html.erb within layouts/application
  [1m[36mBand Load (0.9ms)[0m  [1m[34mSELECT "bands".* FROM "bands"[0m
  ↳ app/views/bands/index.html.erb:3
  Rendered collection of templates [0 times] (0.0ms)
  Rendered bands/index.html.erb within layouts/application (2.9ms)
Completed 200 OK in 46ms (Views: 44.3ms | ActiveRecord: 0.9ms)


Started GET "/bands/new" for ::1 at 2019-07-27 13:08:02 -0600
Processing by BandsController#new as HTML
  Rendering bands/new.html.erb within layouts/application
  Rendered bands/_form.html.erb (317.3ms)
  Rendered bands/new.html.erb within layouts/application (320.3ms)
Completed 500 Internal Server Error in 328ms (ActiveRecord: 0.0ms)



NameError - undefined local variable or method `authenticity_token' for #<#<Class:0x00007ffcfa106310>:0x00007ffcfc3406b0>:
  app/views/bands/_form.html.erb:8:in `_app_views_bands__form_html_erb__1409905107818766528_70362253234060'
  app/views/bands/new.html.erb:3:in `_app_views_bands_new_html_erb__4515560569957795152_70362269899200'
  app/controllers/bands_controller.rb:10:in `new'

Started POST "/__better_errors/1d41c91917debeda/variables" for ::1 at 2019-07-27 13:08:02 -0600
Started GET "/bands" for ::1 at 2019-07-27 13:08:07 -0600
Processing by BandsController#index as HTML
  Rendering bands/index.html.erb within layouts/application
  [1m[36mBand Load (0.5ms)[0m  [1m[34mSELECT "bands".* FROM "bands"[0m
  ↳ app/views/bands/index.html.erb:3
  Rendered collection of templates [0 times] (0.0ms)
  Rendered bands/index.html.erb within layouts/application (2.3ms)
Completed 200 OK in 49ms (Views: 47.2ms | ActiveRecord: 0.5ms)


Started GET "/users/new" for ::1 at 2019-07-27 13:08:12 -0600
Processing by UsersController#new as HTML
  Rendering users/new.html.erb within layouts/application
  Rendered users/new.html.erb within layouts/application (0.9ms)
Completed 200 OK in 35ms (Views: 34.0ms | ActiveRecord: 0.0ms)


Started POST "/users" for ::1 at 2019-07-27 13:08:22 -0600
Processing by UsersController#create as HTML
  Parameters: {"authenticity_token"=>"cvxjFuJoI3zuCKiUftioFzoYcP9aqqlcTysvBsRpyOJr/02zXsTqgGhWbjpkSKcau0rS2ec2XPtuy9D8pdzXVQ==", "user"=>{"password"=>"[FILTERED]"}}
  [1m[35m (0.3ms)[0m  [1m[35mBEGIN[0m
  ↳ app/controllers/users_controller.rb:15
  [1m[36mUser Exists (1.4ms)[0m  [1m[34mSELECT  1 AS one FROM "users" WHERE "users"."password_digest" = $1 LIMIT $2[0m  [["password_digest", "$2a$12$yyrjaTTvFGXymORnQ6id8uB9yjsxDm.XH8PauqcpMNYJTZeLmBqj6"], ["LIMIT", 1]]
  ↳ app/controllers/users_controller.rb:15
  [1m[36mUser Exists (0.4ms)[0m  [1m[34mSELECT  1 AS one FROM "users" WHERE "users"."session_token" = $1 LIMIT $2[0m  [["session_token", "js6GbV63tOevdxWHEP_yCw"], ["LIMIT", 1]]
  ↳ app/controllers/users_controller.rb:15
  [1m[35m (0.2ms)[0m  [1m[31mROLLBACK[0m
  ↳ app/controllers/users_controller.rb:15
  Rendering users/new.html.erb within layouts/application
  Rendered users/new.html.erb within layouts/application (0.7ms)
Completed 200 OK in 315ms (Views: 31.1ms | ActiveRecord: 2.2ms)


Started GET "/users" for ::1 at 2019-07-27 14:42:11 -0600

AbstractController::ActionNotFound - The action 'index' could not be found for UsersController:

Started POST "/__better_errors/473890bef3626f0e/variables" for ::1 at 2019-07-27 14:42:13 -0600
  [1m[35m (2.2ms)[0m  [1m[34mSELECT "schema_migrations"."version" FROM "schema_migrations" ORDER BY "schema_migrations"."version" ASC[0m
  ↳ bin/rails:9
Started GET "/users/new" for ::1 at 2019-07-27 17:53:51 -0600
  [1m[35m (1.0ms)[0m  [1m[34mSELECT "schema_migrations"."version" FROM "schema_migrations" ORDER BY "schema_migrations"."version" ASC[0m
  ↳ /Users/stan/.rbenv/versions/2.5.1/lib/ruby/gems/2.5.0/gems/activerecord-5.2.3/lib/active_record/log_subscriber.rb:98
Processing by UsersController#new as HTML
  Rendering users/new.html.erb within layouts/application
  Rendered users/new.html.erb within layouts/application (2.4ms)
Completed 200 OK in 388ms (Views: 293.6ms | ActiveRecord: 63.6ms)


Started POST "/users" for ::1 at 2019-07-27 17:54:02 -0600
Processing by UsersController#create as HTML
  Parameters: {"authenticity_token"=>"IqcNcaMjfUg7dFGR7HiM8FyzxtU+zFv0gMDVEuwzNOc7pCPUH4+0tL0qlz/26IP93eFk84NQrlOhICrojYYrUA==", "user"=>{"password"=>"[FILTERED]"}}
  [1m[35m (42.1ms)[0m  [1m[35mBEGIN[0m
  ↳ app/controllers/users_controller.rb:15
  [1m[36mUser Exists (52.8ms)[0m  [1m[34mSELECT  1 AS one FROM "users" WHERE "users"."password_digest" = $1 LIMIT $2[0m  [["password_digest", "$2a$12$9fz1JBV7iXU6db9w2.SrauNx87GROad7X8qgrzEaVLM3lIV9nXa5K"], ["LIMIT", 1]]
  ↳ app/controllers/users_controller.rb:15
  [1m[36mUser Exists (0.9ms)[0m  [1m[34mSELECT  1 AS one FROM "users" WHERE "users"."session_token" = $1 LIMIT $2[0m  [["session_token", "0e36-sYUSCpwKTJBZ6lXSA"], ["LIMIT", 1]]
  ↳ app/controllers/users_controller.rb:15
  [1m[35m (39.1ms)[0m  [1m[31mROLLBACK[0m
  ↳ app/controllers/users_controller.rb:15
  Rendering users/new.html.erb within layouts/application
  Rendered users/new.html.erb within layouts/application (0.8ms)
Completed 200 OK in 485ms (Views: 31.5ms | ActiveRecord: 134.9ms)


Started GET "/bands" for ::1 at 2019-07-27 17:57:04 -0600
Processing by BandsController#index as HTML
  Rendering bands/index.html.erb within layouts/application
  [1m[36mBand Load (1.0ms)[0m  [1m[34mSELECT "bands".* FROM "bands"[0m
  ↳ app/views/bands/index.html.erb:3
  Rendered collection of templates [0 times] (0.0ms)
  Rendered bands/index.html.erb within layouts/application (8.9ms)
Completed 200 OK in 55ms (Views: 43.4ms | ActiveRecord: 5.4ms)


Started GET "/bands/new" for ::1 at 2019-07-27 17:57:08 -0600
Processing by BandsController#new as HTML
  Rendering bands/new.html.erb within layouts/application
  Rendered bands/_form.html.erb (278.5ms)
  Rendered bands/new.html.erb within layouts/application (283.0ms)
Completed 500 Internal Server Error in 295ms (ActiveRecord: 0.0ms)



NameError - undefined local variable or method `authenticity_token' for #<#<Class:0x00007f8cc6b3f790>:0x00007f8cc1094ed0>:
  app/views/bands/_form.html.erb:8:in `_app_views_bands__form_html_erb__2970180704257319463_70121250103500'
  app/views/bands/new.html.erb:3:in `_app_views_bands_new_html_erb__2156998098617752391_70121241074340'
  app/controllers/bands_controller.rb:10:in `new'

Started POST "/__better_errors/2d9586b77e1c3ea0/variables" for ::1 at 2019-07-27 17:57:08 -0600
Started GET "/bands/new" for ::1 at 2019-07-27 18:08:30 -0600
Processing by BandsController#new as HTML
  Rendering bands/new.html.erb within layouts/application
  Rendered bands/_form.html.erb (552.2ms)
  Rendered bands/new.html.erb within layouts/application (557.2ms)
Completed 500 Internal Server Error in 569ms (ActiveRecord: 0.0ms)



NameError - undefined local variable or method `authenticity_token' for #<#<Class:0x00007f8cc10a0aa0>:0x00007f8cc6c8b068>:
  app/views/bands/_form.html.erb:8:in `_app_views_bands__form_html_erb__2970180704257319463_70121295404320'
  app/views/bands/new.html.erb:3:in `_app_views_bands_new_html_erb__2156998098617752391_70121303592620'
  app/controllers/bands_controller.rb:10:in `new'

Started POST "/__better_errors/d140bb37368f7c09/variables" for ::1 at 2019-07-27 18:08:31 -0600
Started GET "/bands" for ::1 at 2019-07-27 18:08:36 -0600
Processing by BandsController#index as HTML
  Rendering bands/index.html.erb within layouts/application
  [1m[36mBand Load (1.6ms)[0m  [1m[34mSELECT "bands".* FROM "bands"[0m
  ↳ app/views/bands/index.html.erb:3
  Rendered collection of templates [0 times] (0.0ms)
  Rendered bands/index.html.erb within layouts/application (11.8ms)
Completed 200 OK in 104ms (Views: 69.7ms | ActiveRecord: 8.7ms)


Started GET "/users/new" for ::1 at 2019-07-27 18:08:39 -0600
Processing by UsersController#new as HTML
  Rendering users/new.html.erb within layouts/application
  Rendered users/new.html.erb within layouts/application (0.7ms)
Completed 200 OK in 62ms (Views: 39.3ms | ActiveRecord: 10.9ms)


Started POST "/users" for ::1 at 2019-07-27 18:08:55 -0600
Processing by UsersController#create as HTML
  Parameters: {"authenticity_token"=>"0+M4iBKVPljHHlBo0E0+hh62gebSmCnBByeqB38w55HK4BYtrjn3pEFAlsbK3TGLn+QjwG8E3GYmx1X9HoX4Jg==", "user"=>{"password"=>"[FILTERED]"}}
  [1m[35m (0.2ms)[0m  [1m[35mBEGIN[0m
  ↳ app/controllers/users_controller.rb:15
  [1m[36mUser Exists (1.5ms)[0m  [1m[34mSELECT  1 AS one FROM "users" WHERE "users"."password_digest" = $1 LIMIT $2[0m  [["password_digest", "$2a$12$Km841ZdZYMsTZgU3YowzMeGvf2q.kvlW2g2Qz3Y/QM2SuHgQnPw0."], ["LIMIT", 1]]
  ↳ app/controllers/users_controller.rb:15
  [1m[36mUser Exists (0.5ms)[0m  [1m[34mSELECT  1 AS one FROM "users" WHERE "users"."session_token" = $1 LIMIT $2[0m  [["session_token", "9O0uw02U47_2t3BkKqp7mg"], ["LIMIT", 1]]
  ↳ app/controllers/users_controller.rb:15
  [1m[35m (0.2ms)[0m  [1m[31mROLLBACK[0m
  ↳ app/controllers/users_controller.rb:15
  Rendering users/new.html.erb within layouts/application
  Rendered users/new.html.erb within layouts/application (0.6ms)
Completed 200 OK in 318ms (Views: 28.9ms | ActiveRecord: 2.3ms)


Started GET "/users/new" for ::1 at 2019-07-27 18:13:50 -0600
Processing by UsersController#new as HTML
  Rendering users/new.html.erb within layouts/application
  Rendered users/new.html.erb within layouts/application (0.9ms)
Completed 200 OK in 73ms (Views: 48.3ms | ActiveRecord: 9.3ms)


Started POST "/users" for ::1 at 2019-07-27 18:13:59 -0600
Processing by UsersController#create as HTML
  Parameters: {"authenticity_token"=>"rS6LcDqhlwnWSdOvPEd8vkVJ/CbTN1fNc2+oz8fr/rW0LaXVhg1e9VAXFQEm13OzxBteAG6rompSj1c1pl7hAg==", "user"=>{"password"=>"[FILTERED]"}}
  [1m[35m (0.2ms)[0m  [1m[35mBEGIN[0m
  ↳ app/controllers/users_controller.rb:15
  [1m[36mUser Exists (0.4ms)[0m  [1m[34mSELECT  1 AS one FROM "users" WHERE "users"."password_digest" = $1 LIMIT $2[0m  [["password_digest", "$2a$12$6Zn2TEC6bWaLjiFINVetG.FcCoiySw.fwUd5JfSOanpLILoYbKnYG"], ["LIMIT", 1]]
  ↳ app/controllers/users_controller.rb:15
  [1m[36mUser Exists (0.3ms)[0m  [1m[34mSELECT  1 AS one FROM "users" WHERE "users"."session_token" = $1 LIMIT $2[0m  [["session_token", "_2pxbZaWFpPVQqmD4rO11g"], ["LIMIT", 1]]
  ↳ app/controllers/users_controller.rb:15
  [1m[35m (0.1ms)[0m  [1m[31mROLLBACK[0m
  ↳ app/controllers/users_controller.rb:15
  Rendering users/new.html.erb within layouts/application
  Rendered users/new.html.erb within layouts/application (0.8ms)
Completed 200 OK in 331ms (Views: 40.6ms | ActiveRecord: 1.1ms)


Started POST "/users" for ::1 at 2019-07-27 18:17:01 -0600
  [1m[35m (1.0ms)[0m  [1m[34mSELECT "schema_migrations"."version" FROM "schema_migrations" ORDER BY "schema_migrations"."version" ASC[0m
  ↳ /Users/stan/.rbenv/versions/2.5.1/lib/ruby/gems/2.5.0/gems/activerecord-5.2.3/lib/active_record/log_subscriber.rb:98
Processing by UsersController#create as HTML
  Parameters: {"authenticity_token"=>"rS6LcDqhlwnWSdOvPEd8vkVJ/CbTN1fNc2+oz8fr/rW0LaXVhg1e9VAXFQEm13OzxBteAG6rompSj1c1pl7hAg==", "user"=>{"password"=>"[FILTERED]"}}
  [1m[35m (0.2ms)[0m  [1m[35mBEGIN[0m
  ↳ app/controllers/users_controller.rb:15
  [1m[36mUser Exists (1.3ms)[0m  [1m[34mSELECT  1 AS one FROM "users" WHERE "users"."password_digest" = $1 LIMIT $2[0m  [["password_digest", "$2a$12$8Wg3185MBCTDbAoelMHsYewgEgWyhi9kSTF1GVzDioTUafLzz9t8m"], ["LIMIT", 1]]
  ↳ app/controllers/users_controller.rb:15
  [1m[36mUser Exists (0.4ms)[0m  [1m[34mSELECT  1 AS one FROM "users" WHERE "users"."session_token" = $1 LIMIT $2[0m  [["session_token", "P0QE-AlyN8gZfGQFbCaXNA"], ["LIMIT", 1]]
  ↳ app/controllers/users_controller.rb:15
  [1m[35m (0.3ms)[0m  [1m[31mROLLBACK[0m
  ↳ app/controllers/users_controller.rb:15
  Rendering users/new.html.erb within layouts/application
  Rendered users/new.html.erb within layouts/application (1.9ms)
Completed 200 OK in 716ms (Views: 367.1ms | ActiveRecord: 10.9ms)


Started GET "/users/new" for ::1 at 2019-07-27 18:18:18 -0600
Processing by UsersController#new as HTML
  Rendering users/new.html.erb within layouts/application
  Rendered users/new.html.erb within layouts/application (0.8ms)
Completed 200 OK in 58ms (Views: 38.7ms | ActiveRecord: 7.3ms)


Started POST "/users" for ::1 at 2019-07-27 18:18:29 -0600
Processing by UsersController#create as HTML
  Parameters: {"authenticity_token"=>"eL5sEw/veWOUgKNlVAJtFfPVIZlY6xZMovpKW5R9OelhvUK2s0OwnxLeZctOkmIYcoeDv+V34+uDGrWh9cgmXg==", "user"=>{"password"=>"[FILTERED]"}}
  [1m[35m (0.2ms)[0m  [1m[35mBEGIN[0m
  ↳ app/controllers/users_controller.rb:15
  [1m[36mUser Exists (0.6ms)[0m  [1m[34mSELECT  1 AS one FROM "users" WHERE "users"."password_digest" = $1 LIMIT $2[0m  [["password_digest", "$2a$12$wvHWHlP7yIyy4mHt5PwxYepGcqfK1QojPP2f1q/XbS7ulr43AbBry"], ["LIMIT", 1]]
  ↳ app/controllers/users_controller.rb:15
  [1m[36mUser Exists (0.6ms)[0m  [1m[34mSELECT  1 AS one FROM "users" WHERE "users"."session_token" = $1 LIMIT $2[0m  [["session_token", "8-c-26Nf-o7-0rwY6g1M_g"], ["LIMIT", 1]]
  ↳ app/controllers/users_controller.rb:15
  [1m[35m (0.3ms)[0m  [1m[31mROLLBACK[0m
  ↳ app/controllers/users_controller.rb:15
  Rendering users/new.html.erb within layouts/application
  Rendered users/new.html.erb within layouts/application (0.7ms)
Completed 200 OK in 316ms (Views: 29.1ms | ActiveRecord: 1.7ms)


Started GET "/bands" for ::1 at 2019-07-27 18:22:45 -0600
Processing by BandsController#index as HTML
  Rendering bands/index.html.erb within layouts/application
  [1m[36mBand Load (1.1ms)[0m  [1m[34mSELECT "bands".* FROM "bands"[0m
  ↳ app/views/bands/index.html.erb:3
  Rendered collection of templates [0 times] (0.0ms)
  Rendered bands/index.html.erb within layouts/application (10.9ms)
Completed 200 OK in 63ms (Views: 48.6ms | ActiveRecord: 7.5ms)


Started GET "/bands/new" for ::1 at 2019-07-27 18:22:51 -0600
Processing by BandsController#new as HTML
Redirected to http://localhost:3000/session/new
Filter chain halted as :require_user! rendered or redirected
Completed 302 Found in 1ms (ActiveRecord: 0.0ms)


Started GET "/session/new" for ::1 at 2019-07-27 18:22:51 -0600

SyntaxError - syntax error, unexpected end-of-input, expecting keyword_end:
  app/controllers/sessions_controller.rb:26:in `'

Started POST "/__better_errors/685dc3c14e9ecfd2/variables" for ::1 at 2019-07-27 18:22:51 -0600
  [1m[35m (0.6ms)[0m  [1m[34mSELECT pg_try_advisory_lock(4505726345591715405)[0m
  ↳ bin/rails:9
  [1m[35m (1.2ms)[0m  [1m[34mSELECT "schema_migrations"."version" FROM "schema_migrations" ORDER BY "schema_migrations"."version" ASC[0m
  ↳ bin/rails:9
Migrating to AddIndexToBands (20190728002639)
  [1m[35m (0.2ms)[0m  [1m[35mBEGIN[0m
  ↳ bin/rails:9
  [1m[35m (0.1ms)[0m  [1m[31mROLLBACK[0m
  ↳ bin/rails:9
  [1m[35m (0.4ms)[0m  [1m[34mSELECT pg_advisory_unlock(4505726345591715405)[0m
  ↳ bin/rails:9
  [1m[35m (0.2ms)[0m  [1m[34mSELECT pg_try_advisory_lock(4505726345591715405)[0m
  ↳ bin/rails:9
  [1m[35m (1.0ms)[0m  [1m[34mSELECT "schema_migrations"."version" FROM "schema_migrations" ORDER BY "schema_migrations"."version" ASC[0m
  ↳ bin/rails:9
Migrating to AddIndexToBands (20190728002639)
  [1m[35m (0.2ms)[0m  [1m[35mBEGIN[0m
  ↳ bin/rails:9
  [1m[35m (0.2ms)[0m  [1m[31mROLLBACK[0m
  ↳ bin/rails:9
  [1m[35m (0.5ms)[0m  [1m[34mSELECT pg_advisory_unlock(4505726345591715405)[0m
  ↳ bin/rails:9
  [1m[35m (1.1ms)[0m  [1m[34mSELECT "schema_migrations"."version" FROM "schema_migrations" ORDER BY "schema_migrations"."version" ASC[0m
  ↳ bin/rails:9
  [1m[35m (1.0ms)[0m  [1m[34mSELECT "schema_migrations"."version" FROM "schema_migrations" ORDER BY "schema_migrations"."version" ASC[0m
  ↳ bin/rails:9
  [1m[35m (0.3ms)[0m  [1m[34mSELECT pg_try_advisory_lock(4505726345591715405)[0m
  ↳ bin/rails:9
  [1m[35m (1.0ms)[0m  [1m[34mSELECT "schema_migrations"."version" FROM "schema_migrations" ORDER BY "schema_migrations"."version" ASC[0m
  ↳ bin/rails:9
Migrating to AddIndexToBands (20190728002639)
  [1m[35m (0.2ms)[0m  [1m[35mBEGIN[0m
  ↳ bin/rails:9
  [1m[35m (0.2ms)[0m  [1m[31mROLLBACK[0m
  ↳ bin/rails:9
  [1m[35m (1.4ms)[0m  [1m[34mSELECT pg_advisory_unlock(4505726345591715405)[0m
  ↳ bin/rails:9
  [1m[36mUser Load (0.9ms)[0m  [1m[34mSELECT "users".* FROM "users"[0m
  [1m[36mBand Load (0.8ms)[0m  [1m[34mSELECT "bands".* FROM "bands"[0m
  [1m[35m (0.3ms)[0m  [1m[34mSELECT pg_try_advisory_lock(4505726345591715405)[0m
  ↳ bin/rails:9
  [1m[35m (1.0ms)[0m  [1m[34mSELECT "schema_migrations"."version" FROM "schema_migrations" ORDER BY "schema_migrations"."version" ASC[0m
  ↳ bin/rails:9
Migrating to AddIndexToBands (20190728002639)
  [1m[35m (0.4ms)[0m  [1m[34mSELECT pg_advisory_unlock(4505726345591715405)[0m
  ↳ bin/rails:9
  [1m[35m (0.3ms)[0m  [1m[34mSELECT pg_try_advisory_lock(4505726345591715405)[0m
  ↳ bin/rails:9
  [1m[35m (1.6ms)[0m  [1m[34mSELECT "schema_migrations"."version" FROM "schema_migrations" ORDER BY "schema_migrations"."version" ASC[0m
  ↳ bin/rails:9
Migrating to AddIndexToBands (20190728002639)
  [1m[35m (0.2ms)[0m  [1m[35mBEGIN[0m
  ↳ bin/rails:9
  [1m[35m (51.5ms)[0m  [1m[35mCREATE  INDEX  "index_bands_on_name" ON "bands"  ("name")[0m
  ↳ db/migrate/20190728002639_add_index_to_bands.rb:3
  [1m[36mActiveRecord::SchemaMigration Create (24.6ms)[0m  [1m[32mINSERT INTO "schema_migrations" ("version") VALUES ($1) RETURNING "version"[0m  [["version", "20190728002639"]]
  ↳ bin/rails:9
  [1m[35m (1.1ms)[0m  [1m[35mCOMMIT[0m
  ↳ bin/rails:9
  [1m[36mActiveRecord::InternalMetadata Load (12.6ms)[0m  [1m[34mSELECT  "ar_internal_metadata".* FROM "ar_internal_metadata" WHERE "ar_internal_metadata"."key" = $1 LIMIT $2[0m  [["key", "environment"], ["LIMIT", 1]]
  ↳ bin/rails:9
  [1m[35m (0.2ms)[0m  [1m[35mBEGIN[0m
  ↳ bin/rails:9
  [1m[35m (0.1ms)[0m  [1m[35mCOMMIT[0m
  ↳ bin/rails:9
  [1m[35m (0.3ms)[0m  [1m[34mSELECT pg_advisory_unlock(4505726345591715405)[0m
  ↳ bin/rails:9
  [1m[35m (0.3ms)[0m  [1m[34mSELECT "schema_migrations"."version" FROM "schema_migrations" ORDER BY "schema_migrations"."version" ASC[0m
  ↳ bin/rails:9
  [1m[35m (2.1ms)[0m  [1m[34mSELECT "schema_migrations"."version" FROM "schema_migrations" ORDER BY "schema_migrations"."version" ASC[0m
  ↳ bin/rails:9
Started GET "/bands" for ::1 at 2019-07-27 18:37:32 -0600
  [1m[35m (1.0ms)[0m  [1m[34mSELECT "schema_migrations"."version" FROM "schema_migrations" ORDER BY "schema_migrations"."version" ASC[0m
  ↳ /Users/stan/.rbenv/versions/2.5.1/lib/ruby/gems/2.5.0/gems/activerecord-5.2.3/lib/active_record/log_subscriber.rb:98
Processing by BandsController#index as HTML
  Rendering bands/index.html.erb within layouts/application
  [1m[36mBand Load (2.8ms)[0m  [1m[34mSELECT "bands".* FROM "bands"[0m
  ↳ app/views/bands/index.html.erb:3
  Rendered collection of templates [0 times] (0.0ms)
  Rendered bands/index.html.erb within layouts/application (10.6ms)
Completed 200 OK in 280ms (Views: 256.2ms | ActiveRecord: 5.3ms)


Started GET "/users/new" for ::1 at 2019-07-27 18:37:34 -0600
Processing by UsersController#new as HTML
  Rendering users/new.html.erb within layouts/application
  Rendered users/new.html.erb within layouts/application (1.1ms)
Completed 200 OK in 62ms (Views: 37.2ms | ActiveRecord: 11.2ms)


Started POST "/users" for ::1 at 2019-07-27 18:37:43 -0600
Processing by UsersController#create as HTML
  Parameters: {"authenticity_token"=>"TQpSP3Hk9ajRkB52q7kl+rIvOm+ULZf6aOi4a9u7P6lUCXyazUg8VFfO2NixKSr3M32YSSmxYl1JCEeRug4gHg==", "user"=>{"password"=>"[FILTERED]"}}
  [1m[35m (0.2ms)[0m  [1m[35mBEGIN[0m
  ↳ app/controllers/users_controller.rb:15
  [1m[36mUser Exists (1.2ms)[0m  [1m[34mSELECT  1 AS one FROM "users" WHERE "users"."password_digest" = $1 LIMIT $2[0m  [["password_digest", "$2a$12$dPC5i1HOdpIpUhWzK7pmp.xeUbOzb5mYusn9kqJ4QYkgtsEgjlfL2"], ["LIMIT", 1]]
  ↳ app/controllers/users_controller.rb:15
  [1m[36mUser Exists (0.6ms)[0m  [1m[34mSELECT  1 AS one FROM "users" WHERE "users"."session_token" = $1 LIMIT $2[0m  [["session_token", "9fbveII1tudHdAQsA_tqZA"], ["LIMIT", 1]]
  ↳ app/controllers/users_controller.rb:15
  [1m[35m (0.2ms)[0m  [1m[31mROLLBACK[0m
  ↳ app/controllers/users_controller.rb:15
  Rendering users/new.html.erb within layouts/application
  Rendered users/new.html.erb within layouts/application (0.7ms)
Completed 200 OK in 329ms (Views: 34.2ms | ActiveRecord: 2.3ms)


Started GET "/bands/new" for ::1 at 2019-07-27 18:38:01 -0600
Processing by BandsController#new as HTML
Redirected to http://localhost:3000/session/new
Filter chain halted as :require_user! rendered or redirected
Completed 302 Found in 2ms (ActiveRecord: 0.0ms)


Started GET "/session/new" for ::1 at 2019-07-27 18:38:01 -0600
Processing by SessionsController#new as HTML
  Rendering sessions/new.html.erb within layouts/application
  Rendered sessions/new.html.erb within layouts/application (0.8ms)
Completed 200 OK in 38ms (Views: 37.4ms | ActiveRecord: 0.0ms)


Started POST "/session" for ::1 at 2019-07-27 18:46:31 -0600
Processing by SessionsController#create as HTML
  Parameters: {"authenticity_token"=>"Q7Bs3cZvzcjgheut0pxrZAqzEK2pVUC8RQ9J7z+WrN9as0J4esMENGbbLQPIDGRpi+GyixTJtRtk77YVXiOzaA==", "user"=>{"email"=>"s@b.com", "password"=>"[FILTERED]"}}
  [1m[36mUser Load (0.9ms)[0m  [1m[34mSELECT  "users".* FROM "users" WHERE "users"."email" = $1 LIMIT $2[0m  [["email", "s@b.com"], ["LIMIT", 1]]
  ↳ app/models/user.rb:28
Redirected to http://localhost:3000/session/new
Completed 302 Found in 15ms (ActiveRecord: 6.0ms)


Started GET "/session/new" for ::1 at 2019-07-27 18:46:31 -0600
Processing by SessionsController#new as HTML
  Rendering sessions/new.html.erb within layouts/application
  Rendered sessions/new.html.erb within layouts/application (0.9ms)
Completed 200 OK in 52ms (Views: 51.2ms | ActiveRecord: 0.0ms)


Started GET "/users/new" for ::1 at 2019-07-27 18:46:49 -0600
Processing by UsersController#new as HTML
  Rendering users/new.html.erb within layouts/application
  Rendered users/new.html.erb within layouts/application (1.0ms)
Completed 200 OK in 59ms (Views: 37.4ms | ActiveRecord: 11.5ms)


Started POST "/session" for ::1 at 2019-07-27 18:47:08 -0600
Processing by SessionsController#create as HTML
  Parameters: {"authenticity_token"=>"QJWSLAePuItwSbGK8dzimTODJr0WTRSOG9x5MOhdDdFZlryJuyNxd/YXdyTrTO2UstGEm6vR4Sk6PIbKiegSZg==", "user"=>{"email"=>"s@b.com", "password"=>"[FILTERED]"}}
  [1m[36mUser Load (0.3ms)[0m  [1m[34mSELECT  "users".* FROM "users" WHERE "users"."email" = $1 LIMIT $2[0m  [["email", "s@b.com"], ["LIMIT", 1]]
  ↳ app/models/user.rb:28
Redirected to http://localhost:3000/session/new
Completed 302 Found in 8ms (ActiveRecord: 2.6ms)


Started GET "/session/new" for ::1 at 2019-07-27 18:47:08 -0600
Processing by SessionsController#new as HTML
  Rendering sessions/new.html.erb within layouts/application
  Rendered sessions/new.html.erb within layouts/application (0.8ms)
Completed 200 OK in 36ms (Views: 35.8ms | ActiveRecord: 0.0ms)


Started POST "/session" for ::1 at 2019-07-27 18:47:48 -0600
Processing by SessionsController#create as HTML
  Parameters: {"authenticity_token"=>"qYEuoOLLJu6S9lfKP63l672OM0BaKM55rKIU2P1eGAGwggAFXmfvEhSokWQlPermPNyRZue0O96NQusinOsHtg==", "user"=>{"email"=>"s@b.com", "password"=>"[FILTERED]"}}
  [1m[36mUser Load (0.8ms)[0m  [1m[34mSELECT  "users".* FROM "users" WHERE "users"."email" = $1 LIMIT $2[0m  [["email", "s@b.com"], ["LIMIT", 1]]
  ↳ app/models/user.rb:28
Redirected to http://localhost:3000/session/new
Completed 302 Found in 3ms (ActiveRecord: 0.8ms)


Started GET "/session/new" for ::1 at 2019-07-27 18:47:48 -0600
Processing by SessionsController#new as HTML
  Rendering sessions/new.html.erb within layouts/application
  Rendered sessions/new.html.erb within layouts/application (1.2ms)
Completed 200 OK in 47ms (Views: 46.5ms | ActiveRecord: 0.0ms)


Started POST "/session" for ::1 at 2019-07-27 18:51:24 -0600
  [1m[35m (1.9ms)[0m  [1m[34mSELECT "schema_migrations"."version" FROM "schema_migrations" ORDER BY "schema_migrations"."version" ASC[0m
  ↳ /Users/stan/.rbenv/versions/2.5.1/lib/ruby/gems/2.5.0/gems/activerecord-5.2.3/lib/active_record/log_subscriber.rb:98
Processing by SessionsController#create as HTML
  Parameters: {"authenticity_token"=>"bbpCjcnX2+dVyov32V63gyQ/6/QlI2wYDkbdQwtpR0x0uWwodXsSG9OUTVnDzriOpW1J0pi/mb8vpiK5atxY+w==", "user"=>{"email"=>"s@b.com", "password"=>"[FILTERED]"}}
  [1m[36mUser Load (0.7ms)[0m  [1m[34mSELECT  "users".* FROM "users" WHERE "users"."email" = $1 LIMIT $2[0m  [["email", "s@b.com"], ["LIMIT", 1]]
  ↳ app/models/user.rb:28
Redirected to http://localhost:3000/session/new
Completed 302 Found in 24ms (ActiveRecord: 5.3ms)


Started GET "/session/new" for ::1 at 2019-07-27 18:51:24 -0600
Processing by SessionsController#new as HTML
  Rendering sessions/new.html.erb within layouts/application
  Rendered sessions/new.html.erb within layouts/application (1.7ms)
Completed 200 OK in 241ms (Views: 240.9ms | ActiveRecord: 0.0ms)


Started GET "/users" for ::1 at 2019-07-27 18:54:15 -0600

AbstractController::ActionNotFound - The action 'index' could not be found for UsersController:

Started POST "/__better_errors/5b647d6cc06ce57f/variables" for ::1 at 2019-07-27 18:54:15 -0600
Started GET "/users" for ::1 at 2019-07-27 18:54:55 -0600

AbstractController::ActionNotFound - The action 'index' could not be found for UsersController:

Started POST "/__better_errors/446e7c2f8ba2f84a/variables" for ::1 at 2019-07-27 18:54:55 -0600
Started GET "/users" for ::1 at 2019-07-27 18:57:33 -0600
Processing by UsersController#index as HTML
Completed 500 Internal Server Error in 16ms (ActiveRecord: 0.0ms)



ActionView::MissingTemplate - Missing template users/index, application/index with {:locale=>[:en], :formats=>[:html], :variants=>[], :handlers=>[:raw, :erb, :html, :builder, :ruby, :coffee, :jbuilder]}. Searched in:
  * "/Users/stan/Desktop/a_a_Immersive /a:A_HomeWork/W9D5_RAILS/music_app/app/views"
:
  app/controllers/users_controller.rb:4:in `index'

Started POST "/__better_errors/6dc8e2a19d6b424e/variables" for ::1 at 2019-07-27 18:57:33 -0600
  [1m[36mUser Load (0.3ms)[0m  [1m[34mSELECT  "users".* FROM "users" LIMIT $1[0m  [["LIMIT", 11]]
  ↳ /Users/stan/.rbenv/versions/2.5.1/lib/ruby/gems/2.5.0/gems/activerecord-5.2.3/lib/active_record/log_subscriber.rb:98
  [1m[36mCACHE User Load (0.0ms)[0m  [1m[34mSELECT  "users".* FROM "users" LIMIT $1[0m  [["LIMIT", 11]]
  ↳ /Users/stan/.rbenv/versions/2.5.1/lib/ruby/gems/2.5.0/gems/activerecord-5.2.3/lib/active_record/log_subscriber.rb:98
  [1m[36mCACHE User Load (0.0ms)[0m  [1m[34mSELECT  "users".* FROM "users" LIMIT $1[0m  [["LIMIT", 11]]
  ↳ /Users/stan/.rbenv/versions/2.5.1/lib/ruby/gems/2.5.0/gems/activerecord-5.2.3/lib/active_record/log_subscriber.rb:98
  [1m[36mCACHE User Load (0.0ms)[0m  [1m[34mSELECT  "users".* FROM "users" LIMIT $1[0m  [["LIMIT", 11]]
  ↳ /Users/stan/.rbenv/versions/2.5.1/lib/ruby/gems/2.5.0/gems/activerecord-5.2.3/lib/active_record/log_subscriber.rb:98
Started GET "/users" for ::1 at 2019-07-27 19:01:16 -0600

AbstractController::ActionNotFound - The action 'index' could not be found for UsersController:

Started POST "/__better_errors/b20590aaea2ca464/variables" for ::1 at 2019-07-27 19:01:16 -0600
Started POST "/__better_errors/b20590aaea2ca464/eval" for ::1 at 2019-07-27 19:01:46 -0600
Started POST "/__better_errors/b20590aaea2ca464/eval" for ::1 at 2019-07-27 19:02:25 -0600
Started GET "/users" for ::1 at 2019-07-27 19:04:34 -0600

AbstractController::ActionNotFound - The action 'index' could not be found for UsersController:

Started POST "/__better_errors/e8d4d1a9e1078190/variables" for ::1 at 2019-07-27 19:04:34 -0600
Started GET "/users" for ::1 at 2019-07-27 19:04:59 -0600

AbstractController::ActionNotFound - The action 'index' could not be found for UsersController:

Started POST "/__better_errors/521740fa5a851562/variables" for ::1 at 2019-07-27 19:04:59 -0600
Started GET "/users" for ::1 at 2019-07-27 19:05:50 -0600
  
ActionController::RoutingError (No route matches [GET] "/users"):
  
actionpack (5.2.3) lib/action_dispatch/middleware/debug_exceptions.rb:65:in `call'
web-console (3.7.0) lib/web_console/middleware.rb:135:in `call_app'
web-console (3.7.0) lib/web_console/middleware.rb:30:in `block in call'
web-console (3.7.0) lib/web_console/middleware.rb:20:in `catch'
web-console (3.7.0) lib/web_console/middleware.rb:20:in `call'
actionpack (5.2.3) lib/action_dispatch/middleware/show_exceptions.rb:33:in `call'
railties (5.2.3) lib/rails/rack/logger.rb:38:in `call_app'
railties (5.2.3) lib/rails/rack/logger.rb:26:in `block in call'
activesupport (5.2.3) lib/active_support/tagged_logging.rb:71:in `block in tagged'
activesupport (5.2.3) lib/active_support/tagged_logging.rb:28:in `tagged'
activesupport (5.2.3) lib/active_support/tagged_logging.rb:71:in `tagged'
railties (5.2.3) lib/rails/rack/logger.rb:26:in `call'
sprockets-rails (3.2.1) lib/sprockets/rails/quiet_assets.rb:13:in `call'
actionpack (5.2.3) lib/action_dispatch/middleware/remote_ip.rb:81:in `call'
actionpack (5.2.3) lib/action_dispatch/middleware/request_id.rb:27:in `call'
rack (2.0.7) lib/rack/method_override.rb:22:in `call'
rack (2.0.7) lib/rack/runtime.rb:22:in `call'
activesupport (5.2.3) lib/active_support/cache/strategy/local_cache_middleware.rb:29:in `call'
actionpack (5.2.3) lib/action_dispatch/middleware/executor.rb:14:in `call'
actionpack (5.2.3) lib/action_dispatch/middleware/static.rb:127:in `call'
rack (2.0.7) lib/rack/sendfile.rb:111:in `call'
railties (5.2.3) lib/rails/engine.rb:524:in `call'
puma (3.12.1) lib/puma/configuration.rb:227:in `call'
puma (3.12.1) lib/puma/server.rb:660:in `handle_request'
puma (3.12.1) lib/puma/server.rb:474:in `process_client'
puma (3.12.1) lib/puma/server.rb:334:in `block in run'
puma (3.12.1) lib/puma/thread_pool.rb:135:in `block in spawn_thread'
Started GET "/users" for ::1 at 2019-07-27 19:19:04 -0600
  [1m[35m (1.4ms)[0m  [1m[34mSELECT "schema_migrations"."version" FROM "schema_migrations" ORDER BY "schema_migrations"."version" ASC[0m
  ↳ /Users/stan/.rbenv/versions/2.5.1/lib/ruby/gems/2.5.0/gems/activerecord-5.2.3/lib/active_record/log_subscriber.rb:98
  
ActionController::RoutingError (No route matches [GET] "/users"):
  
actionpack (5.2.3) lib/action_dispatch/middleware/debug_exceptions.rb:65:in `call'
web-console (3.7.0) lib/web_console/middleware.rb:135:in `call_app'
web-console (3.7.0) lib/web_console/middleware.rb:30:in `block in call'
web-console (3.7.0) lib/web_console/middleware.rb:20:in `catch'
web-console (3.7.0) lib/web_console/middleware.rb:20:in `call'
actionpack (5.2.3) lib/action_dispatch/middleware/show_exceptions.rb:33:in `call'
railties (5.2.3) lib/rails/rack/logger.rb:38:in `call_app'
railties (5.2.3) lib/rails/rack/logger.rb:26:in `block in call'
activesupport (5.2.3) lib/active_support/tagged_logging.rb:71:in `block in tagged'
activesupport (5.2.3) lib/active_support/tagged_logging.rb:28:in `tagged'
activesupport (5.2.3) lib/active_support/tagged_logging.rb:71:in `tagged'
railties (5.2.3) lib/rails/rack/logger.rb:26:in `call'
sprockets-rails (3.2.1) lib/sprockets/rails/quiet_assets.rb:13:in `call'
actionpack (5.2.3) lib/action_dispatch/middleware/remote_ip.rb:81:in `call'
actionpack (5.2.3) lib/action_dispatch/middleware/request_id.rb:27:in `call'
rack (2.0.7) lib/rack/method_override.rb:22:in `call'
rack (2.0.7) lib/rack/runtime.rb:22:in `call'
activesupport (5.2.3) lib/active_support/cache/strategy/local_cache_middleware.rb:29:in `call'
actionpack (5.2.3) lib/action_dispatch/middleware/executor.rb:14:in `call'
actionpack (5.2.3) lib/action_dispatch/middleware/static.rb:127:in `call'
rack (2.0.7) lib/rack/sendfile.rb:111:in `call'
railties (5.2.3) lib/rails/engine.rb:524:in `call'
puma (3.12.1) lib/puma/configuration.rb:227:in `call'
puma (3.12.1) lib/puma/server.rb:660:in `handle_request'
puma (3.12.1) lib/puma/server.rb:474:in `process_client'
puma (3.12.1) lib/puma/server.rb:334:in `block in run'
puma (3.12.1) lib/puma/thread_pool.rb:135:in `block in spawn_thread'
Started GET "/users" for ::1 at 2019-07-27 19:19:53 -0600
  
ActionController::RoutingError (No route matches [GET] "/users"):
  
actionpack (5.2.3) lib/action_dispatch/middleware/debug_exceptions.rb:65:in `call'
web-console (3.7.0) lib/web_console/middleware.rb:135:in `call_app'
web-console (3.7.0) lib/web_console/middleware.rb:30:in `block in call'
web-console (3.7.0) lib/web_console/middleware.rb:20:in `catch'
web-console (3.7.0) lib/web_console/middleware.rb:20:in `call'
actionpack (5.2.3) lib/action_dispatch/middleware/show_exceptions.rb:33:in `call'
railties (5.2.3) lib/rails/rack/logger.rb:38:in `call_app'
railties (5.2.3) lib/rails/rack/logger.rb:26:in `block in call'
activesupport (5.2.3) lib/active_support/tagged_logging.rb:71:in `block in tagged'
activesupport (5.2.3) lib/active_support/tagged_logging.rb:28:in `tagged'
activesupport (5.2.3) lib/active_support/tagged_logging.rb:71:in `tagged'
railties (5.2.3) lib/rails/rack/logger.rb:26:in `call'
sprockets-rails (3.2.1) lib/sprockets/rails/quiet_assets.rb:13:in `call'
actionpack (5.2.3) lib/action_dispatch/middleware/remote_ip.rb:81:in `call'
actionpack (5.2.3) lib/action_dispatch/middleware/request_id.rb:27:in `call'
rack (2.0.7) lib/rack/method_override.rb:22:in `call'
rack (2.0.7) lib/rack/runtime.rb:22:in `call'
activesupport (5.2.3) lib/active_support/cache/strategy/local_cache_middleware.rb:29:in `call'
actionpack (5.2.3) lib/action_dispatch/middleware/executor.rb:14:in `call'
actionpack (5.2.3) lib/action_dispatch/middleware/static.rb:127:in `call'
rack (2.0.7) lib/rack/sendfile.rb:111:in `call'
railties (5.2.3) lib/rails/engine.rb:524:in `call'
puma (3.12.1) lib/puma/configuration.rb:227:in `call'
puma (3.12.1) lib/puma/server.rb:660:in `handle_request'
puma (3.12.1) lib/puma/server.rb:474:in `process_client'
puma (3.12.1) lib/puma/server.rb:334:in `block in run'
puma (3.12.1) lib/puma/thread_pool.rb:135:in `block in spawn_thread'
Started GET "/users/new" for ::1 at 2019-07-27 19:20:00 -0600
Processing by UsersController#new as HTML
  Rendering users/new.html.erb within layouts/application
  Rendered users/new.html.erb within layouts/application (0.8ms)
Completed 200 OK in 241ms (Views: 216.2ms | ActiveRecord: 9.4ms)


Started POST "/users" for ::1 at 2019-07-27 19:20:24 -0600
Processing by UsersController#create as HTML
  Parameters: {"authenticity_token"=>"WpEMKnXZ3lWTRByHHvjURihUHsjtaDZgHgt5hanbYyBDkiKPyXUXqRUa2ikEaNtLqQa87lD0w8c/64Z/yG58lw==", "user"=>{"password"=>"[FILTERED]"}}
  [1m[35m (0.2ms)[0m  [1m[35mBEGIN[0m
  ↳ app/controllers/users_controller.rb:6
  [1m[36mUser Exists (1.0ms)[0m  [1m[34mSELECT  1 AS one FROM "users" WHERE "users"."email" IS NULL LIMIT $1[0m  [["LIMIT", 1]]
  ↳ app/controllers/users_controller.rb:6
  [1m[36mUser Exists (0.5ms)[0m  [1m[34mSELECT  1 AS one FROM "users" WHERE "users"."session_token" = $1 LIMIT $2[0m  [["session_token", "Ev-VF58ZXmXCx7rHn-qhOQ"], ["LIMIT", 1]]
  ↳ app/controllers/users_controller.rb:6
  [1m[35m (0.2ms)[0m  [1m[31mROLLBACK[0m
  ↳ app/controllers/users_controller.rb:6
  Rendering users/new.html.erb within layouts/application
  Rendered users/new.html.erb within layouts/application (0.6ms)
Completed 200 OK in 320ms (Views: 31.0ms | ActiveRecord: 2.0ms)


Started GET "/users/new" for ::1 at 2019-07-27 19:21:20 -0600
Processing by UsersController#new as HTML
  Rendering users/new.html.erb within layouts/application
  Rendered users/new.html.erb within layouts/application (1.0ms)
Completed 200 OK in 71ms (Views: 69.6ms | ActiveRecord: 0.0ms)


Started POST "/users" for ::1 at 2019-07-27 19:21:30 -0600
Processing by UsersController#create as HTML
  Parameters: {"authenticity_token"=>"AVPy+Ed/EU16ZZwpGVBOgYlnjZsZDCkTE9FH1ztSryEYUNxd+9PYsfw7WocDwEGMCDUvvaSQ3LQyMbgtWuewlg==", "user"=>{"password"=>"[FILTERED]"}}
  [1m[35m (0.2ms)[0m  [1m[35mBEGIN[0m
  ↳ app/controllers/users_controller.rb:6
  [1m[36mUser Exists (0.6ms)[0m  [1m[34mSELECT  1 AS one FROM "users" WHERE "users"."email" IS NULL LIMIT $1[0m  [["LIMIT", 1]]
  ↳ app/controllers/users_controller.rb:6
  [1m[36mUser Exists (0.6ms)[0m  [1m[34mSELECT  1 AS one FROM "users" WHERE "users"."session_token" = $1 LIMIT $2[0m  [["session_token", "v0VQY4wnVQqbmLhCD9cQXQ"], ["LIMIT", 1]]
  ↳ app/controllers/users_controller.rb:6
  [1m[35m (0.3ms)[0m  [1m[31mROLLBACK[0m
  ↳ app/controllers/users_controller.rb:6
  Rendering users/new.html.erb within layouts/application
  Rendered users/new.html.erb within layouts/application (0.8ms)
Completed 200 OK in 336ms (Views: 47.2ms | ActiveRecord: 1.7ms)


