  [1m[35m (1979.6ms)[0m  [1m[35mCREATE DATABASE "ninety_nine_cats_development" ENCODING = 'unicode'[0m
  ↳ bin/rails:9
  [1m[35m (518.9ms)[0m  [1m[35mCREATE DATABASE "ninety_nine_cats_test" ENCODING = 'unicode'[0m
  ↳ bin/rails:9
  [1m[35m (181.5ms)[0m  [1m[35mCREATE TABLE "schema_migrations" ("version" character varying NOT NULL PRIMARY KEY)[0m
  ↳ bin/rails:9
  [1m[35m (29.6ms)[0m  [1m[35mCREATE TABLE "ar_internal_metadata" ("key" character varying NOT NULL PRIMARY KEY, "value" character varying, "created_at" timestamp NOT NULL, "updated_at" timestamp NOT NULL)[0m
  ↳ bin/rails:9
  [1m[35m (10.1ms)[0m  [1m[34mSELECT pg_try_advisory_lock(723150122408807205)[0m
  ↳ bin/rails:9
  [1m[35m (22.2ms)[0m  [1m[34mSELECT "schema_migrations"."version" FROM "schema_migrations" ORDER BY "schema_migrations"."version" ASC[0m
  ↳ bin/rails:9
Migrating to CreateCats (20190724200248)
  [1m[35m (0.4ms)[0m  [1m[35mBEGIN[0m
  ↳ bin/rails:9
  [1m[35m (167.5ms)[0m  [1m[35mCREATE TABLE "cats" ("id" bigserial primary key, "birthdate" date NOT NULL, "color" character varying NOT NULL, "name" character varying NOT NULL, "sex" character varying NOT NULL, "description" text NOT NULL, "created_at" timestamp NOT NULL, "updated_at" timestamp NOT NULL)[0m
  ↳ db/migrate/20190724200248_create_cats.rb:4
  [1m[36mActiveRecord::SchemaMigration Create (1.3ms)[0m  [1m[32mINSERT INTO "schema_migrations" ("version") VALUES ($1) RETURNING "version"[0m  [["version", "20190724200248"]]
  ↳ bin/rails:9
  [1m[35m (23.3ms)[0m  [1m[35mCOMMIT[0m
  ↳ bin/rails:9
  [1m[36mActiveRecord::InternalMetadata Load (9.0ms)[0m  [1m[34mSELECT  "ar_internal_metadata".* FROM "ar_internal_metadata" WHERE "ar_internal_metadata"."key" = $1 LIMIT $2[0m  [["key", "environment"], ["LIMIT", 1]]
  ↳ bin/rails:9
  [1m[35m (0.3ms)[0m  [1m[35mBEGIN[0m
  ↳ bin/rails:9
  [1m[36mActiveRecord::InternalMetadata Create (1.0ms)[0m  [1m[32mINSERT INTO "ar_internal_metadata" ("key", "value", "created_at", "updated_at") VALUES ($1, $2, $3, $4) RETURNING "key"[0m  [["key", "environment"], ["value", "development"], ["created_at", "2019-07-24 20:35:12.439613"], ["updated_at", "2019-07-24 20:35:12.439613"]]
  ↳ bin/rails:9
  [1m[35m (11.0ms)[0m  [1m[35mCOMMIT[0m
  ↳ bin/rails:9
  [1m[35m (0.6ms)[0m  [1m[34mSELECT pg_advisory_unlock(723150122408807205)[0m
  ↳ bin/rails:9
  [1m[35m (1.0ms)[0m  [1m[34mSELECT "schema_migrations"."version" FROM "schema_migrations" ORDER BY "schema_migrations"."version" ASC[0m
  ↳ bin/rails:9
  [1m[35m (2.0ms)[0m  [1m[34mSELECT "schema_migrations"."version" FROM "schema_migrations" ORDER BY "schema_migrations"."version" ASC[0m
  ↳ /Users/donaldbatryn/.rbenv/versions/2.5.1/bin/annotate:23
Started GET "/cats" for ::1 at 2019-07-24 16:45:07 -0500
  [1m[35m (1.9ms)[0m  [1m[34mSELECT "schema_migrations"."version" FROM "schema_migrations" ORDER BY "schema_migrations"."version" ASC[0m
  ↳ /Users/donaldbatryn/.rbenv/versions/2.5.1/lib/ruby/gems/2.5.0/gems/activerecord-5.2.3/lib/active_record/log_subscriber.rb:98
  
ActionController::RoutingError (No route matches [GET] "/cats"):
  
actionpack (5.2.3) lib/action_dispatch/middleware/debug_exceptions.rb:65:in `call'
web-console (3.7.0) lib/web_console/middleware.rb:135:in `call_app'
web-console (3.7.0) lib/web_console/middleware.rb:30:in `block in call'
web-console (3.7.0) lib/web_console/middleware.rb:20:in `catch'
web-console (3.7.0) lib/web_console/middleware.rb:20:in `call'
actionpack (5.2.3) lib/action_dispatch/middleware/show_exceptions.rb:33:in `call'
railties (5.2.3) lib/rails/rack/logger.rb:38:in `call_app'
railties (5.2.3) lib/rails/rack/logger.rb:26:in `block in call'
activesupport (5.2.3) lib/active_support/tagged_logging.rb:71:in `block in tagged'
activesupport (5.2.3) lib/active_support/tagged_logging.rb:28:in `tagged'
activesupport (5.2.3) lib/active_support/tagged_logging.rb:71:in `tagged'
railties (5.2.3) lib/rails/rack/logger.rb:26:in `call'
sprockets-rails (3.2.1) lib/sprockets/rails/quiet_assets.rb:13:in `call'
actionpack (5.2.3) lib/action_dispatch/middleware/remote_ip.rb:81:in `call'
actionpack (5.2.3) lib/action_dispatch/middleware/request_id.rb:27:in `call'
rack (2.0.7) lib/rack/method_override.rb:22:in `call'
rack (2.0.7) lib/rack/runtime.rb:22:in `call'
activesupport (5.2.3) lib/active_support/cache/strategy/local_cache_middleware.rb:29:in `call'
actionpack (5.2.3) lib/action_dispatch/middleware/executor.rb:14:in `call'
actionpack (5.2.3) lib/action_dispatch/middleware/static.rb:127:in `call'
rack (2.0.7) lib/rack/sendfile.rb:111:in `call'
railties (5.2.3) lib/rails/engine.rb:524:in `call'
puma (3.12.1) lib/puma/configuration.rb:227:in `call'
puma (3.12.1) lib/puma/server.rb:660:in `handle_request'
puma (3.12.1) lib/puma/server.rb:474:in `process_client'
puma (3.12.1) lib/puma/server.rb:334:in `block in run'
puma (3.12.1) lib/puma/thread_pool.rb:135:in `block in spawn_thread'
Started GET "/cats/" for ::1 at 2019-07-24 16:46:31 -0500
  
ActionController::RoutingError (No route matches [GET] "/cats"):
  
actionpack (5.2.3) lib/action_dispatch/middleware/debug_exceptions.rb:65:in `call'
web-console (3.7.0) lib/web_console/middleware.rb:135:in `call_app'
web-console (3.7.0) lib/web_console/middleware.rb:30:in `block in call'
web-console (3.7.0) lib/web_console/middleware.rb:20:in `catch'
web-console (3.7.0) lib/web_console/middleware.rb:20:in `call'
actionpack (5.2.3) lib/action_dispatch/middleware/show_exceptions.rb:33:in `call'
railties (5.2.3) lib/rails/rack/logger.rb:38:in `call_app'
railties (5.2.3) lib/rails/rack/logger.rb:26:in `block in call'
activesupport (5.2.3) lib/active_support/tagged_logging.rb:71:in `block in tagged'
activesupport (5.2.3) lib/active_support/tagged_logging.rb:28:in `tagged'
activesupport (5.2.3) lib/active_support/tagged_logging.rb:71:in `tagged'
railties (5.2.3) lib/rails/rack/logger.rb:26:in `call'
sprockets-rails (3.2.1) lib/sprockets/rails/quiet_assets.rb:13:in `call'
actionpack (5.2.3) lib/action_dispatch/middleware/remote_ip.rb:81:in `call'
actionpack (5.2.3) lib/action_dispatch/middleware/request_id.rb:27:in `call'
rack (2.0.7) lib/rack/method_override.rb:22:in `call'
rack (2.0.7) lib/rack/runtime.rb:22:in `call'
activesupport (5.2.3) lib/active_support/cache/strategy/local_cache_middleware.rb:29:in `call'
actionpack (5.2.3) lib/action_dispatch/middleware/executor.rb:14:in `call'
actionpack (5.2.3) lib/action_dispatch/middleware/static.rb:127:in `call'
rack (2.0.7) lib/rack/sendfile.rb:111:in `call'
railties (5.2.3) lib/rails/engine.rb:524:in `call'
puma (3.12.1) lib/puma/configuration.rb:227:in `call'
puma (3.12.1) lib/puma/server.rb:660:in `handle_request'
puma (3.12.1) lib/puma/server.rb:474:in `process_client'
puma (3.12.1) lib/puma/server.rb:334:in `block in run'
puma (3.12.1) lib/puma/thread_pool.rb:135:in `block in spawn_thread'
Started GET "/cats/index" for ::1 at 2019-07-24 16:47:26 -0500
Processing by CatsController#index as */*
  Parameters: {"user"=>{"school"=>"appAcademy", "unit"=>"CSS", "name"=>"Andy"}}
  Rendering cats/index.html.erb within layouts/application
  [1m[36mCat Load (79.9ms)[0m  [1m[34mSELECT "cats".* FROM "cats"[0m
  ↳ app/views/cats/index.html.erb:3
  Rendered cats/index.html.erb within layouts/application (102.1ms)
Completed 200 OK in 5219ms (Views: 5047.4ms | ActiveRecord: 87.9ms)


Started GET "/cats/" for ::1 at 2019-07-24 17:07:21 -0500
  
ActionController::RoutingError (No route matches [GET] "/cats"):
  
actionpack (5.2.3) lib/action_dispatch/middleware/debug_exceptions.rb:65:in `call'
web-console (3.7.0) lib/web_console/middleware.rb:135:in `call_app'
web-console (3.7.0) lib/web_console/middleware.rb:30:in `block in call'
web-console (3.7.0) lib/web_console/middleware.rb:20:in `catch'
web-console (3.7.0) lib/web_console/middleware.rb:20:in `call'
actionpack (5.2.3) lib/action_dispatch/middleware/show_exceptions.rb:33:in `call'
railties (5.2.3) lib/rails/rack/logger.rb:38:in `call_app'
railties (5.2.3) lib/rails/rack/logger.rb:26:in `block in call'
activesupport (5.2.3) lib/active_support/tagged_logging.rb:71:in `block in tagged'
activesupport (5.2.3) lib/active_support/tagged_logging.rb:28:in `tagged'
activesupport (5.2.3) lib/active_support/tagged_logging.rb:71:in `tagged'
railties (5.2.3) lib/rails/rack/logger.rb:26:in `call'
sprockets-rails (3.2.1) lib/sprockets/rails/quiet_assets.rb:13:in `call'
actionpack (5.2.3) lib/action_dispatch/middleware/remote_ip.rb:81:in `call'
actionpack (5.2.3) lib/action_dispatch/middleware/request_id.rb:27:in `call'
rack (2.0.7) lib/rack/method_override.rb:22:in `call'
rack (2.0.7) lib/rack/runtime.rb:22:in `call'
activesupport (5.2.3) lib/active_support/cache/strategy/local_cache_middleware.rb:29:in `call'
actionpack (5.2.3) lib/action_dispatch/middleware/executor.rb:14:in `call'
actionpack (5.2.3) lib/action_dispatch/middleware/static.rb:127:in `call'
rack (2.0.7) lib/rack/sendfile.rb:111:in `call'
railties (5.2.3) lib/rails/engine.rb:524:in `call'
puma (3.12.1) lib/puma/configuration.rb:227:in `call'
puma (3.12.1) lib/puma/server.rb:660:in `handle_request'
puma (3.12.1) lib/puma/server.rb:474:in `process_client'
puma (3.12.1) lib/puma/server.rb:334:in `block in run'
puma (3.12.1) lib/puma/thread_pool.rb:135:in `block in spawn_thread'
Started GET "/cats/index" for ::1 at 2019-07-24 17:07:30 -0500
Processing by CatsController#index as */*
  Parameters: {"user"=>{"school"=>"appAcademy", "unit"=>"CSS", "name"=>"Andy"}}
  Rendering cats/index.html.erb within layouts/application
  [1m[36mCat Load (3.6ms)[0m  [1m[34mSELECT "cats".* FROM "cats"[0m
  ↳ app/views/cats/index.html.erb:3
  Rendered cats/index.html.erb within layouts/application (8.4ms)
Completed 200 OK in 256ms (Views: 250.9ms | ActiveRecord: 3.6ms)


  [1m[35m (23.9ms)[0m  [1m[34mSELECT "schema_migrations"."version" FROM "schema_migrations" ORDER BY "schema_migrations"."version" ASC[0m
  ↳ bin/rails:9
  [1m[36mCat Load (1.6ms)[0m  [1m[34mSELECT "cats".* FROM "cats"[0m
  ↳ db/seeds.rb:9
  [1m[35m (0.3ms)[0m  [1m[35mBEGIN[0m
  ↳ db/seeds.rb:15
  [1m[36mCat Create (43.3ms)[0m  [1m[32mINSERT INTO "cats" ("birthdate", "color", "name", "sex", "description", "created_at", "updated_at") VALUES ($1, $2, $3, $4, $5, $6, $7) RETURNING "id"[0m  [["birthdate", "1990-11-19"], ["color", "brown"], ["name", "Spunky"], ["sex", "M"], ["description", "cool cat"], ["created_at", "2019-07-24 22:12:53.535258"], ["updated_at", "2019-07-24 22:12:53.535258"]]
  ↳ db/seeds.rb:15
  [1m[35m (25.7ms)[0m  [1m[35mCOMMIT[0m
  ↳ db/seeds.rb:15
  [1m[35m (5.7ms)[0m  [1m[34mSELECT "schema_migrations"."version" FROM "schema_migrations" ORDER BY "schema_migrations"."version" ASC[0m
  ↳ bin/rails:9
  [1m[36mCat Load (43.8ms)[0m  [1m[34mSELECT "cats".* FROM "cats"[0m
  ↳ db/seeds.rb:9
  [1m[35m (0.3ms)[0m  [1m[35mBEGIN[0m
  ↳ db/seeds.rb:9
  [1m[36mCat Destroy (14.2ms)[0m  [1m[31mDELETE FROM "cats" WHERE "cats"."id" = $1[0m  [["id", 1]]
  ↳ db/seeds.rb:9
  [1m[35m (40.3ms)[0m  [1m[35mCOMMIT[0m
  ↳ db/seeds.rb:9
  [1m[35m (0.3ms)[0m  [1m[35mBEGIN[0m
  ↳ db/seeds.rb:15
  [1m[36mCat Create (1.5ms)[0m  [1m[32mINSERT INTO "cats" ("birthdate", "color", "name", "sex", "description", "created_at", "updated_at") VALUES ($1, $2, $3, $4, $5, $6, $7) RETURNING "id"[0m  [["birthdate", "1990-11-19"], ["color", "brown"], ["name", "Spunky"], ["sex", "M"], ["description", "cool cat"], ["created_at", "2019-07-24 22:13:17.417259"], ["updated_at", "2019-07-24 22:13:17.417259"]]
  ↳ db/seeds.rb:15
  [1m[35m (0.9ms)[0m  [1m[35mCOMMIT[0m
  ↳ db/seeds.rb:15
  [1m[35m (0.6ms)[0m  [1m[35mBEGIN[0m
  ↳ db/seeds.rb:16
  [1m[36mCat Create (0.9ms)[0m  [1m[32mINSERT INTO "cats" ("birthdate", "color", "name", "sex", "description", "created_at", "updated_at") VALUES ($1, $2, $3, $4, $5, $6, $7) RETURNING "id"[0m  [["birthdate", "1990-01-22"], ["color", "teal"], ["name", "Spots"], ["sex", "F"], ["description", "fluff ball"], ["created_at", "2019-07-24 22:13:17.428714"], ["updated_at", "2019-07-24 22:13:17.428714"]]
  ↳ db/seeds.rb:16
  [1m[35m (0.8ms)[0m  [1m[35mCOMMIT[0m
  ↳ db/seeds.rb:16
  [1m[35m (0.3ms)[0m  [1m[35mBEGIN[0m
  ↳ db/seeds.rb:17
  [1m[36mCat Create (3.7ms)[0m  [1m[32mINSERT INTO "cats" ("birthdate", "color", "name", "sex", "description", "created_at", "updated_at") VALUES ($1, $2, $3, $4, $5, $6, $7) RETURNING "id"[0m  [["birthdate", "1969-09-07"], ["color", "orange"], ["name", "Dotty"], ["sex", "F"], ["description", "old bag"], ["created_at", "2019-07-24 22:13:17.434609"], ["updated_at", "2019-07-24 22:13:17.434609"]]
  ↳ db/seeds.rb:17
  [1m[35m (0.9ms)[0m  [1m[35mCOMMIT[0m
  ↳ db/seeds.rb:17
Started GET "/cats/index" for ::1 at 2019-07-24 17:13:52 -0500
  [1m[35m (2.3ms)[0m  [1m[34mSELECT "schema_migrations"."version" FROM "schema_migrations" ORDER BY "schema_migrations"."version" ASC[0m
  ↳ /Users/donaldbatryn/.rbenv/versions/2.5.1/lib/ruby/gems/2.5.0/gems/activerecord-5.2.3/lib/active_record/log_subscriber.rb:98
Processing by CatsController#index as */*
  Parameters: {"user"=>{"school"=>"appAcademy", "unit"=>"CSS", "name"=>"Andy"}}
  Rendering cats/index.html.erb within layouts/application
  [1m[36mCat Load (3.5ms)[0m  [1m[34mSELECT "cats".* FROM "cats"[0m
  ↳ app/views/cats/index.html.erb:3
  Rendered cats/index.html.erb within layouts/application (137.4ms)
Completed 200 OK in 1335ms (Views: 1215.3ms | ActiveRecord: 43.8ms)


Started GET "/cats/index" for ::1 at 2019-07-24 17:14:49 -0500
Processing by CatsController#index as */*
  Parameters: {"user"=>{"school"=>"appAcademy", "unit"=>"CSS", "name"=>"Andy"}}
  Rendering cats/index.html.erb within layouts/application
  [1m[36mCat Load (2.0ms)[0m  [1m[34mSELECT "cats".* FROM "cats"[0m
  ↳ app/views/cats/index.html.erb:3
  Rendered cats/index.html.erb within layouts/application (19.9ms)
Completed 200 OK in 226ms (Views: 222.6ms | ActiveRecord: 2.0ms)


Started GET "/cats/index" for ::1 at 2019-07-24 17:22:24 -0500
Processing by CatsController#index as */*
  Parameters: {"user"=>{"school"=>"appAcademy", "unit"=>"CSS", "name"=>"Andy"}}
  Rendering cats/index.html.erb within layouts/application
  [1m[36mCat Load (8.7ms)[0m  [1m[34mSELECT "cats".* FROM "cats"[0m
  ↳ app/views/cats/index.html.erb:3
  Rendered cats/index.html.erb within layouts/application (991.1ms)
Completed 500 Internal Server Error in 1169ms (ActiveRecord: 8.7ms)



NoMethodError - undefined method `cat_url' for #<#<Class:0x00007fa8cb325de0>:0x00007fa8cb7e74f0>
Did you mean?  capture:
  app/views/cats/index.html.erb:4:in `block in _app_views_cats_index_html_erb___815448649425500275_70181472644040'
  app/views/cats/index.html.erb:3:in `_app_views_cats_index_html_erb___815448649425500275_70181472644040'
  app/controllers/cats_controller.rb:4:in `index'

Started GET "/cats/index" for ::1 at 2019-07-24 17:23:45 -0500
Processing by CatsController#index as */*
  Parameters: {"user"=>{"school"=>"appAcademy", "unit"=>"CSS", "name"=>"Andy"}}
  Rendering cats/index.html.erb within layouts/application
  [1m[36mCat Load (2.6ms)[0m  [1m[34mSELECT "cats".* FROM "cats"[0m
  ↳ app/views/cats/index.html.erb:3
  Rendered cats/index.html.erb within layouts/application (215.7ms)
Completed 500 Internal Server Error in 336ms (ActiveRecord: 2.6ms)



NoMethodError - undefined method `show' for #<Cat:0x00007fa8c9fc84c8>:
  app/views/cats/index.html.erb:4:in `block in _app_views_cats_index_html_erb___815448649425500275_70181459860140'
  app/views/cats/index.html.erb:3:in `_app_views_cats_index_html_erb___815448649425500275_70181459860140'
  app/controllers/cats_controller.rb:4:in `index'

Started GET "/cats/index" for ::1 at 2019-07-24 17:27:18 -0500
Processing by CatsController#index as */*
  Parameters: {"user"=>{"school"=>"appAcademy", "unit"=>"CSS", "name"=>"Andy"}}
  Rendering cats/index.html.erb within layouts/application
  Rendered cats/index.html.erb within layouts/application (21.8ms)
Completed 500 Internal Server Error in 124ms (ActiveRecord: 0.0ms)



SyntaxError - embedded document meets end of file
/Users/donaldbatryn/Desktop/ninety_nine_cats/app/views/cats/index.html.erb:24: syntax error, unexpected end-of-input, expecting keyword_end
          end
^~~~~~~~~~~~~:
  app/views/cats/index.html.erb:24:in `'
  app/controllers/cats_controller.rb:4:in `index'

Started GET "/cats/index" for ::1 at 2019-07-24 17:28:24 -0500
Processing by CatsController#index as */*
  Parameters: {"user"=>{"school"=>"appAcademy", "unit"=>"CSS", "name"=>"Andy"}}
  Rendering cats/index.html.erb within layouts/application
  Rendered cats/index.html.erb within layouts/application (17.2ms)
Completed 500 Internal Server Error in 187ms (ActiveRecord: 0.0ms)



SyntaxError - embedded document meets end of file
/Users/donaldbatryn/Desktop/ninety_nine_cats/app/views/cats/index.html.erb:24: syntax error, unexpected end-of-input, expecting keyword_end
          end
^~~~~~~~~~~~~:
  app/views/cats/index.html.erb:24:in `'
  app/controllers/cats_controller.rb:4:in `index'

Started GET "/cats/index" for ::1 at 2019-07-24 17:29:10 -0500
Processing by CatsController#index as */*
  Parameters: {"user"=>{"school"=>"appAcademy", "unit"=>"CSS", "name"=>"Andy"}}
  Rendering cats/index.html.erb within layouts/application
  [1m[36mCat Load (1.2ms)[0m  [1m[34mSELECT "cats".* FROM "cats"[0m
  ↳ app/views/cats/index.html.erb:5
  [1m[36mCat Load (1.2ms)[0m  [1m[34mSELECT  "cats".* FROM "cats" LIMIT $1[0m  [["LIMIT", 11]]
  ↳ app/controllers/cats_controller.rb:4
  [1m[36mCACHE Cat Load (0.1ms)[0m  [1m[34mSELECT  "cats".* FROM "cats" LIMIT $1[0m  [["LIMIT", 11]]
  ↳ app/controllers/cats_controller.rb:4
  [1m[36mCACHE Cat Load (0.0ms)[0m  [1m[34mSELECT  "cats".* FROM "cats" LIMIT $1[0m  [["LIMIT", 11]]
  ↳ app/controllers/cats_controller.rb:4
  [1m[36mCACHE Cat Load (0.0ms)[0m  [1m[34mSELECT  "cats".* FROM "cats" LIMIT $1[0m  [["LIMIT", 11]]
  ↳ app/controllers/cats_controller.rb:4
  [1m[36mCACHE Cat Load (0.0ms)[0m  [1m[34mSELECT  "cats".* FROM "cats" LIMIT $1[0m  [["LIMIT", 11]]
  ↳ app/controllers/cats_controller.rb:4
  [1m[36mCACHE Cat Load (0.1ms)[0m  [1m[34mSELECT  "cats".* FROM "cats" LIMIT $1[0m  [["LIMIT", 11]]
  ↳ app/controllers/cats_controller.rb:4
  Rendered cats/index.html.erb within layouts/application (931.1ms)
Completed 500 Internal Server Error in 1082ms (ActiveRecord: 3.6ms)


  [1m[36mCACHE Cat Load (0.0ms)[0m  [1m[34mSELECT  "cats".* FROM "cats" LIMIT $1[0m  [["LIMIT", 11]]
  ↳ /Users/donaldbatryn/.rbenv/versions/2.5.1/lib/ruby/gems/2.5.0/gems/activerecord-5.2.3/lib/active_record/log_subscriber.rb:98
  [1m[36mCACHE Cat Load (0.0ms)[0m  [1m[34mSELECT  "cats".* FROM "cats" LIMIT $1[0m  [["LIMIT", 11]]
  ↳ /Users/donaldbatryn/.rbenv/versions/2.5.1/lib/ruby/gems/2.5.0/gems/activerecord-5.2.3/lib/active_record/log_subscriber.rb:98
  [1m[36mCACHE Cat Load (0.0ms)[0m  [1m[34mSELECT  "cats".* FROM "cats" LIMIT $1[0m  [["LIMIT", 11]]
  ↳ /Users/donaldbatryn/.rbenv/versions/2.5.1/lib/ruby/gems/2.5.0/gems/activerecord-5.2.3/lib/active_record/log_subscriber.rb:98
  [1m[36mCACHE Cat Load (0.0ms)[0m  [1m[34mSELECT  "cats".* FROM "cats" LIMIT $1[0m  [["LIMIT", 11]]
  ↳ /Users/donaldbatryn/.rbenv/versions/2.5.1/lib/ruby/gems/2.5.0/gems/activerecord-5.2.3/lib/active_record/log_subscriber.rb:98
  [1m[36mCACHE Cat Load (0.0ms)[0m  [1m[34mSELECT  "cats".* FROM "cats" LIMIT $1[0m  [["LIMIT", 11]]
  ↳ /Users/donaldbatryn/.rbenv/versions/2.5.1/lib/ruby/gems/2.5.0/gems/activerecord-5.2.3/lib/active_record/log_subscriber.rb:98
  [1m[36mCACHE Cat Load (0.0ms)[0m  [1m[34mSELECT  "cats".* FROM "cats" LIMIT $1[0m  [["LIMIT", 11]]
  ↳ /Users/donaldbatryn/.rbenv/versions/2.5.1/lib/ruby/gems/2.5.0/gems/activerecord-5.2.3/lib/active_record/log_subscriber.rb:98

NoMethodError - undefined method `cat_url' for #<#<Class:0x00007fa8cb325de0>:0x00007fa8ca783118>
Did you mean?  capture:
  app/views/cats/index.html.erb:6:in `block in _app_views_cats_index_html_erb___815448649425500275_70181464050200'
  app/views/cats/index.html.erb:5:in `_app_views_cats_index_html_erb___815448649425500275_70181464050200'
  app/controllers/cats_controller.rb:4:in `index'

Started GET "/cats/index" for ::1 at 2019-07-24 17:29:29 -0500
Processing by CatsController#index as */*
  Parameters: {"user"=>{"school"=>"appAcademy", "unit"=>"CSS", "name"=>"Andy"}}
  Rendering cats/index.html.erb within layouts/application
  [1m[36mCat Load (67.9ms)[0m  [1m[34mSELECT "cats".* FROM "cats"[0m
  ↳ app/views/cats/index.html.erb:5
  Rendered cats/index.html.erb within layouts/application (907.8ms)
Completed 500 Internal Server Error in 1002ms (ActiveRecord: 67.9ms)



NoMethodError - undefined method `cat_url' for #<#<Class:0x00007fa8cb325de0>:0x00007fa8ca70fd58>
Did you mean?  capture:
  app/views/cats/index.html.erb:6:in `block in _app_views_cats_index_html_erb___815448649425500275_70181463814140'
  app/views/cats/index.html.erb:5:in `_app_views_cats_index_html_erb___815448649425500275_70181463814140'
  app/controllers/cats_controller.rb:4:in `index'

Started GET "/cats/index" for ::1 at 2019-07-24 17:30:03 -0500
Processing by CatsController#index as */*
  Parameters: {"user"=>{"school"=>"appAcademy", "unit"=>"CSS", "name"=>"Andy"}}
  Rendering cats/index.html.erb within layouts/application
  [1m[36mCat Load (41.1ms)[0m  [1m[34mSELECT "cats".* FROM "cats"[0m
  ↳ app/views/cats/index.html.erb:5
  Rendered cats/index.html.erb within layouts/application (1363.2ms)
Completed 500 Internal Server Error in 1516ms (ActiveRecord: 41.1ms)



NoMethodError - undefined method `cat_url' for #<#<Class:0x00007fa8cb325de0>:0x00007fa8d0001dd0>
Did you mean?  capture:
  app/views/cats/index.html.erb:6:in `block in _app_views_cats_index_html_erb___815448649425500275_70181463564120'
  app/views/cats/index.html.erb:5:in `_app_views_cats_index_html_erb___815448649425500275_70181463564120'
  app/controllers/cats_controller.rb:4:in `index'

Started GET "/cats/index" for ::1 at 2019-07-24 17:32:18 -0500
Processing by CatsController#index as */*
  Parameters: {"user"=>{"school"=>"appAcademy", "unit"=>"CSS", "name"=>"Andy"}}
  Rendering cats/index.html.erb within layouts/application
  [1m[36mCat Load (6.0ms)[0m  [1m[34mSELECT "cats".* FROM "cats"[0m
  ↳ app/views/cats/index.html.erb:5
  Rendered cats/index.html.erb within layouts/application (782.4ms)
Completed 500 Internal Server Error in 865ms (ActiveRecord: 6.0ms)



NoMethodError - undefined method `cat_url' for #<#<Class:0x00007fa8cb325de0>:0x00007fa8cb4aebd0>
Did you mean?  capture:
  app/views/cats/index.html.erb:6:in `block in _app_views_cats_index_html_erb___815448649425500275_70181459267920'
  app/views/cats/index.html.erb:5:in `_app_views_cats_index_html_erb___815448649425500275_70181459267920'
  app/controllers/cats_controller.rb:4:in `index'

Started GET "/cats/index" for ::1 at 2019-07-24 17:34:37 -0500
Processing by CatsController#index as */*
  Parameters: {"user"=>{"school"=>"appAcademy", "unit"=>"CSS", "name"=>"Andy"}}
  Rendering cats/index.html.erb within layouts/application
  [1m[36mCat Load (1.7ms)[0m  [1m[34mSELECT "cats".* FROM "cats"[0m
  ↳ app/views/cats/index.html.erb:5
  Rendered cats/index.html.erb within layouts/application (145.1ms)
Completed 200 OK in 314ms (Views: 182.5ms | ActiveRecord: 101.5ms)


Started GET "/cats/new" for ::1 at 2019-07-24 17:37:31 -0500
  
ActionController::RoutingError (No route matches [GET] "/cats/new"):
  
actionpack (5.2.3) lib/action_dispatch/middleware/debug_exceptions.rb:65:in `call'
web-console (3.7.0) lib/web_console/middleware.rb:135:in `call_app'
web-console (3.7.0) lib/web_console/middleware.rb:30:in `block in call'
web-console (3.7.0) lib/web_console/middleware.rb:20:in `catch'
web-console (3.7.0) lib/web_console/middleware.rb:20:in `call'
actionpack (5.2.3) lib/action_dispatch/middleware/show_exceptions.rb:33:in `call'
railties (5.2.3) lib/rails/rack/logger.rb:38:in `call_app'
railties (5.2.3) lib/rails/rack/logger.rb:26:in `block in call'
activesupport (5.2.3) lib/active_support/tagged_logging.rb:71:in `block in tagged'
activesupport (5.2.3) lib/active_support/tagged_logging.rb:28:in `tagged'
activesupport (5.2.3) lib/active_support/tagged_logging.rb:71:in `tagged'
railties (5.2.3) lib/rails/rack/logger.rb:26:in `call'
sprockets-rails (3.2.1) lib/sprockets/rails/quiet_assets.rb:13:in `call'
actionpack (5.2.3) lib/action_dispatch/middleware/remote_ip.rb:81:in `call'
actionpack (5.2.3) lib/action_dispatch/middleware/request_id.rb:27:in `call'
rack (2.0.7) lib/rack/method_override.rb:22:in `call'
rack (2.0.7) lib/rack/runtime.rb:22:in `call'
activesupport (5.2.3) lib/active_support/cache/strategy/local_cache_middleware.rb:29:in `call'
actionpack (5.2.3) lib/action_dispatch/middleware/executor.rb:14:in `call'
actionpack (5.2.3) lib/action_dispatch/middleware/static.rb:127:in `call'
rack (2.0.7) lib/rack/sendfile.rb:111:in `call'
railties (5.2.3) lib/rails/engine.rb:524:in `call'
puma (3.12.1) lib/puma/configuration.rb:227:in `call'
puma (3.12.1) lib/puma/server.rb:660:in `handle_request'
puma (3.12.1) lib/puma/server.rb:474:in `process_client'
puma (3.12.1) lib/puma/server.rb:334:in `block in run'
puma (3.12.1) lib/puma/thread_pool.rb:135:in `block in spawn_thread'
Started GET "/cats/" for ::1 at 2019-07-24 17:37:37 -0500
  
ActionController::RoutingError (No route matches [GET] "/cats"):
  
actionpack (5.2.3) lib/action_dispatch/middleware/debug_exceptions.rb:65:in `call'
web-console (3.7.0) lib/web_console/middleware.rb:135:in `call_app'
web-console (3.7.0) lib/web_console/middleware.rb:30:in `block in call'
web-console (3.7.0) lib/web_console/middleware.rb:20:in `catch'
web-console (3.7.0) lib/web_console/middleware.rb:20:in `call'
actionpack (5.2.3) lib/action_dispatch/middleware/show_exceptions.rb:33:in `call'
railties (5.2.3) lib/rails/rack/logger.rb:38:in `call_app'
railties (5.2.3) lib/rails/rack/logger.rb:26:in `block in call'
activesupport (5.2.3) lib/active_support/tagged_logging.rb:71:in `block in tagged'
activesupport (5.2.3) lib/active_support/tagged_logging.rb:28:in `tagged'
activesupport (5.2.3) lib/active_support/tagged_logging.rb:71:in `tagged'
railties (5.2.3) lib/rails/rack/logger.rb:26:in `call'
sprockets-rails (3.2.1) lib/sprockets/rails/quiet_assets.rb:13:in `call'
actionpack (5.2.3) lib/action_dispatch/middleware/remote_ip.rb:81:in `call'
actionpack (5.2.3) lib/action_dispatch/middleware/request_id.rb:27:in `call'
rack (2.0.7) lib/rack/method_override.rb:22:in `call'
rack (2.0.7) lib/rack/runtime.rb:22:in `call'
activesupport (5.2.3) lib/active_support/cache/strategy/local_cache_middleware.rb:29:in `call'
actionpack (5.2.3) lib/action_dispatch/middleware/executor.rb:14:in `call'
actionpack (5.2.3) lib/action_dispatch/middleware/static.rb:127:in `call'
rack (2.0.7) lib/rack/sendfile.rb:111:in `call'
railties (5.2.3) lib/rails/engine.rb:524:in `call'
puma (3.12.1) lib/puma/configuration.rb:227:in `call'
puma (3.12.1) lib/puma/server.rb:660:in `handle_request'
puma (3.12.1) lib/puma/server.rb:474:in `process_client'
puma (3.12.1) lib/puma/server.rb:334:in `block in run'
puma (3.12.1) lib/puma/thread_pool.rb:135:in `block in spawn_thread'
Started GET "/cats/index" for ::1 at 2019-07-24 17:37:49 -0500
Processing by CatsController#index as */*
  Parameters: {"user"=>{"school"=>"appAcademy", "unit"=>"CSS", "name"=>"Andy"}}
  Rendering cats/index.html.erb within layouts/application
  [1m[36mCat Load (2.1ms)[0m  [1m[34mSELECT "cats".* FROM "cats"[0m
  ↳ app/views/cats/index.html.erb:5
  Rendered cats/index.html.erb within layouts/application (724.1ms)
Completed 500 Internal Server Error in 826ms (ActiveRecord: 23.4ms)



NoMethodError - undefined method `cat_url' for #<#<Class:0x00007fa8d00fb470>:0x00007fa8d00f96e8>
Did you mean?  capture:
  app/views/cats/index.html.erb:6:in `block in _app_views_cats_index_html_erb___815448649425500275_70181510929260'
  app/views/cats/index.html.erb:5:in `_app_views_cats_index_html_erb___815448649425500275_70181510929260'
  app/controllers/cats_controller.rb:4:in `index'

Started GET "/cats/index" for ::1 at 2019-07-24 17:38:34 -0500
Processing by CatsController#index as */*
  Parameters: {"user"=>{"school"=>"appAcademy", "unit"=>"CSS", "name"=>"Andy"}}
  Rendering cats/index.html.erb within layouts/application
  [1m[36mCat Load (4.3ms)[0m  [1m[34mSELECT "cats".* FROM "cats"[0m
  ↳ app/views/cats/index.html.erb:5
  Rendered cats/index.html.erb within layouts/application (9.1ms)
Completed 200 OK in 135ms (Views: 129.4ms | ActiveRecord: 4.3ms)


Started GET "/cats/index" for ::1 at 2019-07-24 17:39:42 -0500
Processing by CatsController#index as */*
  Parameters: {"user"=>{"school"=>"appAcademy", "unit"=>"CSS", "name"=>"Andy"}}
  Rendering cats/index.html.erb within layouts/application
  [1m[36mCat Load (28.9ms)[0m  [1m[34mSELECT "cats".* FROM "cats"[0m
  ↳ app/views/cats/index.html.erb:5
  Rendered cats/index.html.erb within layouts/application (32.6ms)
Completed 200 OK in 183ms (Views: 153.2ms | ActiveRecord: 28.9ms)


Started GET "/cats/index" for ::1 at 2019-07-24 17:41:53 -0500
Processing by CatsController#index as */*
  Parameters: {"user"=>{"school"=>"appAcademy", "unit"=>"CSS", "name"=>"Andy"}}
  Rendering cats/index.html.erb within layouts/application
  [1m[36mCat Load (3.9ms)[0m  [1m[34mSELECT "cats".* FROM "cats"[0m
  ↳ app/views/cats/index.html.erb:5
  Rendered cats/index.html.erb within layouts/application (8.4ms)
Completed 200 OK in 135ms (Views: 130.1ms | ActiveRecord: 3.9ms)


Started GET "/cats/index" for ::1 at 2019-07-24 17:42:29 -0500
Processing by CatsController#index as */*
  Parameters: {"user"=>{"school"=>"appAcademy", "unit"=>"CSS", "name"=>"Andy"}}
  Rendering cats/index.html.erb within layouts/application
  [1m[36mCat Load (0.9ms)[0m  [1m[34mSELECT "cats".* FROM "cats"[0m
  ↳ app/views/cats/index.html.erb:5
  Rendered cats/index.html.erb within layouts/application (5.3ms)
Completed 200 OK in 90ms (Views: 87.9ms | ActiveRecord: 0.9ms)


Started GET "/cats/index" for ::1 at 2019-07-24 17:43:31 -0500
Processing by CatsController#index as */*
  Parameters: {"user"=>{"school"=>"appAcademy", "unit"=>"CSS", "name"=>"Andy"}}
  Rendering cats/index.html.erb within layouts/application
  [1m[36mCat Load (29.0ms)[0m  [1m[34mSELECT "cats".* FROM "cats"[0m
  ↳ app/views/cats/index.html.erb:5
  Rendered cats/index.html.erb within layouts/application (41.0ms)
Completed 200 OK in 172ms (Views: 141.9ms | ActiveRecord: 29.0ms)


Started GET "/cats/index" for ::1 at 2019-07-24 17:44:14 -0500
Processing by CatsController#index as */*
  Parameters: {"user"=>{"school"=>"appAcademy", "unit"=>"CSS", "name"=>"Andy"}}
  Rendering cats/index.html.erb within layouts/application
  [1m[36mCat Load (1.0ms)[0m  [1m[34mSELECT "cats".* FROM "cats"[0m
  ↳ app/views/cats/index.html.erb:5
  Rendered cats/index.html.erb within layouts/application (12.8ms)
Completed 200 OK in 208ms (Views: 205.5ms | ActiveRecord: 1.0ms)


Started GET "/cats/index" for ::1 at 2019-07-24 17:44:35 -0500
Processing by CatsController#index as */*
  Parameters: {"user"=>{"school"=>"appAcademy", "unit"=>"CSS", "name"=>"Andy"}}
  Rendering cats/index.html.erb within layouts/application
  [1m[36mCat Load (8.4ms)[0m  [1m[34mSELECT "cats".* FROM "cats"[0m
  ↳ app/views/cats/index.html.erb:5
Started GET "/cats/index" for ::1 at 2019-07-24 17:46:15 -0500
  [1m[35m (33.0ms)[0m  [1m[34mSELECT "schema_migrations"."version" FROM "schema_migrations" ORDER BY "schema_migrations"."version" ASC[0m
  ↳ /Users/donaldbatryn/.rbenv/versions/2.5.1/lib/ruby/gems/2.5.0/gems/activerecord-5.2.3/lib/active_record/log_subscriber.rb:98
Processing by CatsController#index as */*
  Parameters: {"user"=>{"school"=>"appAcademy", "unit"=>"CSS", "name"=>"Andy"}}
  Rendering cats/index.html.erb within layouts/application
  [1m[36mCat Load (2.0ms)[0m  [1m[34mSELECT "cats".* FROM "cats"[0m
  ↳ app/views/cats/index.html.erb:5
Started GET "/cats/index" for ::1 at 2019-07-24 17:50:48 -0500
  [1m[35m (7.5ms)[0m  [1m[34mSELECT "schema_migrations"."version" FROM "schema_migrations" ORDER BY "schema_migrations"."version" ASC[0m
  ↳ /Users/donaldbatryn/.rbenv/versions/2.5.1/lib/ruby/gems/2.5.0/gems/activerecord-5.2.3/lib/active_record/log_subscriber.rb:98
Processing by CatsController#index as */*
  Parameters: {"user"=>{"school"=>"appAcademy", "unit"=>"CSS", "name"=>"Andy"}}
  Rendering cats/index.html.erb within layouts/application
  [1m[36mCat Load (9.3ms)[0m  [1m[34mSELECT "cats".* FROM "cats"[0m
  ↳ app/views/cats/index.html.erb:5
  Rendered cats/index.html.erb within layouts/application (101.8ms)
Completed 200 OK in 1214ms (Views: 1122.3ms | ActiveRecord: 36.0ms)


Started GET "/cats/index" for ::1 at 2019-07-24 17:51:18 -0500
Processing by CatsController#index as */*
  Parameters: {"user"=>{"school"=>"appAcademy", "unit"=>"CSS", "name"=>"Andy"}}
  Rendering cats/index.html.erb within layouts/application
  [1m[36mCat Load (17.9ms)[0m  [1m[34mSELECT "cats".* FROM "cats"[0m
  ↳ app/views/cats/index.html.erb:5
  Rendered cats/index.html.erb within layouts/application (21.4ms)
Completed 200 OK in 136ms (Views: 116.4ms | ActiveRecord: 17.9ms)


Started GET "/cats/show" for ::1 at 2019-07-24 17:52:08 -0500
Processing by CatsController#show as */*
  Parameters: {"user"=>{"school"=>"appAcademy", "unit"=>"CSS", "name"=>"Andy"}}
  [1m[36mCat Load (0.8ms)[0m  [1m[34mSELECT  "cats".* FROM "cats" WHERE "cats"."id" = $1 LIMIT $2[0m  [["id", nil], ["LIMIT", 1]]
  ↳ app/controllers/cats_controller.rb:8
Completed 404 Not Found in 64ms (ActiveRecord: 1.3ms)



ActiveRecord::RecordNotFound - Couldn't find Cat with 'id'={:id=>nil}:
  app/controllers/cats_controller.rb:8:in `show'

Started GET "/cats/1/show" for ::1 at 2019-07-24 17:52:19 -0500
  
ActionController::RoutingError (No route matches [GET] "/cats/1/show"):
  
actionpack (5.2.3) lib/action_dispatch/middleware/debug_exceptions.rb:65:in `call'
web-console (3.7.0) lib/web_console/middleware.rb:135:in `call_app'
web-console (3.7.0) lib/web_console/middleware.rb:30:in `block in call'
web-console (3.7.0) lib/web_console/middleware.rb:20:in `catch'
web-console (3.7.0) lib/web_console/middleware.rb:20:in `call'
actionpack (5.2.3) lib/action_dispatch/middleware/show_exceptions.rb:33:in `call'
railties (5.2.3) lib/rails/rack/logger.rb:38:in `call_app'
railties (5.2.3) lib/rails/rack/logger.rb:26:in `block in call'
activesupport (5.2.3) lib/active_support/tagged_logging.rb:71:in `block in tagged'
activesupport (5.2.3) lib/active_support/tagged_logging.rb:28:in `tagged'
activesupport (5.2.3) lib/active_support/tagged_logging.rb:71:in `tagged'
railties (5.2.3) lib/rails/rack/logger.rb:26:in `call'
sprockets-rails (3.2.1) lib/sprockets/rails/quiet_assets.rb:13:in `call'
actionpack (5.2.3) lib/action_dispatch/middleware/remote_ip.rb:81:in `call'
actionpack (5.2.3) lib/action_dispatch/middleware/request_id.rb:27:in `call'
rack (2.0.7) lib/rack/method_override.rb:22:in `call'
rack (2.0.7) lib/rack/runtime.rb:22:in `call'
activesupport (5.2.3) lib/active_support/cache/strategy/local_cache_middleware.rb:29:in `call'
actionpack (5.2.3) lib/action_dispatch/middleware/executor.rb:14:in `call'
actionpack (5.2.3) lib/action_dispatch/middleware/static.rb:127:in `call'
rack (2.0.7) lib/rack/sendfile.rb:111:in `call'
railties (5.2.3) lib/rails/engine.rb:524:in `call'
puma (3.12.1) lib/puma/configuration.rb:227:in `call'
puma (3.12.1) lib/puma/server.rb:660:in `handle_request'
puma (3.12.1) lib/puma/server.rb:474:in `process_client'
puma (3.12.1) lib/puma/server.rb:334:in `block in run'
puma (3.12.1) lib/puma/thread_pool.rb:135:in `block in spawn_thread'
Started GET "/cats/show/" for ::1 at 2019-07-24 17:52:59 -0500
Processing by CatsController#show as */*
  Parameters: {"user"=>{"school"=>"appAcademy", "unit"=>"CSS", "name"=>"Andy"}}
  [1m[36mCat Load (2.3ms)[0m  [1m[34mSELECT  "cats".* FROM "cats" WHERE "cats"."id" = $1 LIMIT $2[0m  [["id", nil], ["LIMIT", 1]]
  ↳ app/controllers/cats_controller.rb:8
Completed 404 Not Found in 9ms (ActiveRecord: 2.3ms)



ActiveRecord::RecordNotFound - Couldn't find Cat with 'id'={:id=>nil}:
  app/controllers/cats_controller.rb:8:in `show'

Started GET "/cats/show/" for ::1 at 2019-07-24 17:53:14 -0500
Processing by CatsController#show as */*
  [1m[36mCat Load (3.5ms)[0m  [1m[34mSELECT  "cats".* FROM "cats" WHERE "cats"."id" = $1 LIMIT $2[0m  [["id", nil], ["LIMIT", 1]]
  ↳ app/controllers/cats_controller.rb:8
Completed 404 Not Found in 128ms (ActiveRecord: 3.5ms)



ActiveRecord::RecordNotFound - Couldn't find Cat with 'id'={:id=>nil}:
  app/controllers/cats_controller.rb:8:in `show'

Started GET "/cats/show/" for ::1 at 2019-07-24 17:54:37 -0500
Processing by CatsController#show as */*
Completed 404 Not Found in 43ms (ActiveRecord: 18.6ms)



ActiveRecord::RecordNotFound - Couldn't find Cat without an ID:
  app/controllers/cats_controller.rb:8:in `show'

Started GET "/cats/show/" for ::1 at 2019-07-24 17:58:38 -0500
Processing by CatsController#show as */*
  Parameters: {"id"=>"show"}
  Rendering cats/show.html.erb within layouts/application
  Rendered cats/show.html.erb within layouts/application (51.8ms)
Completed 500 Internal Server Error in 151ms (ActiveRecord: 0.0ms)



NoMethodError - undefined method `name' for nil:NilClass:
  app/views/cats/show.html.erb:1:in `_app_views_cats_show_html_erb__3424693971084854999_70227250269940'
  app/controllers/cats_controller.rb:9:in `show'

Started GET "/cats/show/" for ::1 at 2019-07-24 17:58:51 -0500
Processing by CatsController#show as */*
  Parameters: {"id"=>"show"}
  [1m[36mCat Load (0.9ms)[0m  [1m[34mSELECT  "cats".* FROM "cats" WHERE "cats"."id" = $1 LIMIT $2[0m  [["id", 0], ["LIMIT", 1]]
  ↳ app/controllers/cats_controller.rb:8
Completed 404 Not Found in 58ms (ActiveRecord: 26.7ms)



ActiveRecord::RecordNotFound - Couldn't find Cat with 'id'=show:
  app/controllers/cats_controller.rb:8:in `show'

Started GET "/cats/" for ::1 at 2019-07-24 18:01:35 -0500
Processing by CatsController#index as */*
  Rendering cats/index.html.erb within layouts/application
  [1m[36mCat Load (1.2ms)[0m  [1m[34mSELECT "cats".* FROM "cats"[0m
  ↳ app/views/cats/index.html.erb:5
  Rendered cats/index.html.erb within layouts/application (734.3ms)
Completed 500 Internal Server Error in 844ms (ActiveRecord: 1.2ms)



NoMethodError - undefined method `cats_show_url' for #<#<Class:0x00007fbe1c943e00>:0x00007fbe1c942488>
Did you mean?  cats_url:
  app/views/cats/index.html.erb:7:in `block in _app_views_cats_index_html_erb__661353544564103430_70227249988500'
  app/views/cats/index.html.erb:5:in `_app_views_cats_index_html_erb__661353544564103430_70227249988500'
  app/controllers/cats_controller.rb:4:in `index'

Started GET "/cats/1" for ::1 at 2019-07-24 18:01:44 -0500
Processing by CatsController#show as */*
  Parameters: {"id"=>"1"}
  [1m[36mCat Load (3.7ms)[0m  [1m[34mSELECT  "cats".* FROM "cats" WHERE "cats"."id" = $1 LIMIT $2[0m  [["id", 1], ["LIMIT", 1]]
  ↳ app/controllers/cats_controller.rb:8
Completed 404 Not Found in 9ms (ActiveRecord: 3.7ms)



ActiveRecord::RecordNotFound - Couldn't find Cat with 'id'=1:
  app/controllers/cats_controller.rb:8:in `show'

Started GET "/cats/1" for ::1 at 2019-07-24 18:02:22 -0500
Processing by CatsController#show as */*
  Parameters: {"id"=>"1"}
  [1m[36mCat Load (2.2ms)[0m  [1m[34mSELECT  "cats".* FROM "cats" WHERE "cats"."id" = $1 LIMIT $2[0m  [["id", 1], ["LIMIT", 1]]
  ↳ app/controllers/cats_controller.rb:8
Completed 404 Not Found in 44ms (ActiveRecord: 17.2ms)



ActiveRecord::RecordNotFound - Couldn't find Cat with 'id'=1:
  app/controllers/cats_controller.rb:8:in `show'

Started GET "/cats/" for ::1 at 2019-07-24 18:02:29 -0500
Processing by CatsController#index as */*
  Rendering cats/index.html.erb within layouts/application
  [1m[36mCat Load (8.8ms)[0m  [1m[34mSELECT "cats".* FROM "cats"[0m
  ↳ app/views/cats/index.html.erb:5
  Rendered cats/index.html.erb within layouts/application (879.2ms)
Completed 500 Internal Server Error in 985ms (ActiveRecord: 8.8ms)



NoMethodError - undefined method `cats_show_url' for #<#<Class:0x00007fbe18de5818>:0x00007fbe1761f0f8>
Did you mean?  cats_url:
  app/views/cats/index.html.erb:7:in `block in _app_views_cats_index_html_erb__661353544564103430_70227213767760'
  app/views/cats/index.html.erb:5:in `_app_views_cats_index_html_erb__661353544564103430_70227213767760'
  app/controllers/cats_controller.rb:4:in `index'

Started GET "/cats/" for ::1 at 2019-07-24 18:03:14 -0500
Processing by CatsController#index as */*
  Rendering cats/index.html.erb within layouts/application
  [1m[36mCat Load (8.3ms)[0m  [1m[34mSELECT "cats".* FROM "cats"[0m
  ↳ app/views/cats/index.html.erb:5
  Rendered cats/index.html.erb within layouts/application (16.5ms)
Completed 200 OK in 133ms (Views: 123.1ms | ActiveRecord: 8.3ms)


Started GET "/cats/1" for ::1 at 2019-07-24 18:03:35 -0500
Processing by CatsController#show as */*
  Parameters: {"id"=>"1"}
  [1m[36mCat Load (5.5ms)[0m  [1m[34mSELECT  "cats".* FROM "cats" WHERE "cats"."id" = $1 LIMIT $2[0m  [["id", 1], ["LIMIT", 1]]
  ↳ app/controllers/cats_controller.rb:8
Completed 404 Not Found in 9ms (ActiveRecord: 5.5ms)



ActiveRecord::RecordNotFound - Couldn't find Cat with 'id'=1:
  app/controllers/cats_controller.rb:8:in `show'

Started GET "/cats/1" for ::1 at 2019-07-24 18:04:18 -0500
Processing by CatsController#show as */*
  Parameters: {"id"=>"1"}
  [1m[36mCat Load (0.7ms)[0m  [1m[34mSELECT  "cats".* FROM "cats" WHERE "cats"."id" = $1 LIMIT $2[0m  [["id", 1], ["LIMIT", 1]]
  ↳ app/controllers/cats_controller.rb:8
Completed 404 Not Found in 4ms (ActiveRecord: 0.7ms)



ActiveRecord::RecordNotFound - Couldn't find Cat with 'id'=1:
  app/controllers/cats_controller.rb:8:in `show'

Started GET "/cats/" for ::1 at 2019-07-24 18:04:22 -0500
Processing by CatsController#index as */*
  Rendering cats/index.html.erb within layouts/application
  [1m[36mCat Load (1.2ms)[0m  [1m[34mSELECT "cats".* FROM "cats"[0m
  ↳ app/views/cats/index.html.erb:5
  Rendered cats/index.html.erb within layouts/application (8.3ms)
Completed 200 OK in 155ms (Views: 152.6ms | ActiveRecord: 1.2ms)


Started GET "/cats/" for ::1 at 2019-07-24 18:05:38 -0500
Processing by CatsController#index as */*
  Rendering cats/index.html.erb within layouts/application
  [1m[36mCat Load (1.0ms)[0m  [1m[34mSELECT "cats".* FROM "cats"[0m
  ↳ app/views/cats/index.html.erb:5
  Rendered cats/index.html.erb within layouts/application (8.3ms)
Completed 200 OK in 182ms (Views: 178.7ms | ActiveRecord: 1.0ms)


  [1m[36mCat Load (1.2ms)[0m  [1m[34mSELECT "cats".* FROM "cats"[0m
Started GET "/cats/2" for ::1 at 2019-07-24 18:06:15 -0500
Processing by CatsController#show as */*
  Parameters: {"id"=>"2"}
  [1m[36mCat Load (4.4ms)[0m  [1m[34mSELECT  "cats".* FROM "cats" WHERE "cats"."id" = $1 LIMIT $2[0m  [["id", 2], ["LIMIT", 1]]
  ↳ app/controllers/cats_controller.rb:8
  Rendering cats/show.html.erb within layouts/application
  Rendered cats/show.html.erb within layouts/application (5.6ms)
Completed 200 OK in 168ms (Views: 159.9ms | ActiveRecord: 4.4ms)


Started GET "/cats/4" for ::1 at 2019-07-24 18:06:27 -0500
Processing by CatsController#show as */*
  Parameters: {"id"=>"4"}
  [1m[36mCat Load (3.7ms)[0m  [1m[34mSELECT  "cats".* FROM "cats" WHERE "cats"."id" = $1 LIMIT $2[0m  [["id", 4], ["LIMIT", 1]]
  ↳ app/controllers/cats_controller.rb:8
  Rendering cats/show.html.erb within layouts/application
  Rendered cats/show.html.erb within layouts/application (3.1ms)
Completed 200 OK in 155ms (Views: 147.9ms | ActiveRecord: 3.7ms)


Started GET "/cats/" for ::1 at 2019-07-24 18:06:36 -0500
Processing by CatsController#index as */*
  Rendering cats/index.html.erb within layouts/application
  [1m[36mCat Load (1.0ms)[0m  [1m[34mSELECT "cats".* FROM "cats"[0m
  ↳ app/views/cats/index.html.erb:5
  Rendered cats/index.html.erb within layouts/application (7.9ms)
Completed 200 OK in 93ms (Views: 89.8ms | ActiveRecord: 1.0ms)


Started GET "/cats/" for ::1 at 2019-07-24 18:08:40 -0500
Processing by CatsController#index as */*
  Rendering cats/index.html.erb within layouts/application
  [1m[36mCat Load (2.9ms)[0m  [1m[34mSELECT "cats".* FROM "cats"[0m
  ↳ app/views/cats/index.html.erb:5
  Rendered cats/index.html.erb within layouts/application (7.7ms)
Completed 200 OK in 150ms (Views: 145.2ms | ActiveRecord: 2.9ms)


Started GET "/cats/2" for ::1 at 2019-07-24 18:08:50 -0500
Processing by CatsController#show as */*
  Parameters: {"id"=>"2"}
  [1m[36mCat Load (2.6ms)[0m  [1m[34mSELECT  "cats".* FROM "cats" WHERE "cats"."id" = $1 LIMIT $2[0m  [["id", 2], ["LIMIT", 1]]
  ↳ app/controllers/cats_controller.rb:8
  Rendering cats/show.html.erb within layouts/application
  Rendered cats/show.html.erb within layouts/application (4.6ms)
Completed 200 OK in 109ms (Views: 103.1ms | ActiveRecord: 2.6ms)


Started GET "/cats/" for ::1 at 2019-07-24 18:08:54 -0500
Processing by CatsController#index as */*
  Rendering cats/index.html.erb within layouts/application
  [1m[36mCat Load (0.8ms)[0m  [1m[34mSELECT "cats".* FROM "cats"[0m
  ↳ app/views/cats/index.html.erb:5
  Rendered cats/index.html.erb within layouts/application (4.0ms)
Completed 200 OK in 146ms (Views: 144.3ms | ActiveRecord: 0.8ms)


Started GET "/cats/" for ::1 at 2019-07-24 18:09:17 -0500
Processing by CatsController#index as */*
  Rendering cats/index.html.erb within layouts/application
  [1m[36mCat Load (1.0ms)[0m  [1m[34mSELECT "cats".* FROM "cats"[0m
  ↳ app/views/cats/index.html.erb:5
  Rendered cats/index.html.erb within layouts/application (5.2ms)
Completed 200 OK in 104ms (Views: 102.3ms | ActiveRecord: 1.0ms)


Started GET "/cats/" for ::1 at 2019-07-24 18:09:30 -0500
Processing by CatsController#index as */*
  Rendering cats/index.html.erb within layouts/application
  [1m[36mCat Load (2.8ms)[0m  [1m[34mSELECT "cats".* FROM "cats"[0m
  ↳ app/views/cats/index.html.erb:5
  Rendered cats/index.html.erb within layouts/application (6.7ms)
Completed 200 OK in 84ms (Views: 79.0ms | ActiveRecord: 2.8ms)


Started GET "/cats/" for ::1 at 2019-07-24 18:09:56 -0500
Processing by CatsController#index as */*
  Rendering cats/index.html.erb within layouts/application
  [1m[36mCat Load (1.9ms)[0m  [1m[34mSELECT "cats".* FROM "cats"[0m
  ↳ app/views/cats/index.html.erb:5
  Rendered cats/index.html.erb within layouts/application (19.6ms)
Completed 200 OK in 165ms (Views: 162.2ms | ActiveRecord: 1.9ms)


Started GET "/cats/" for ::1 at 2019-07-24 18:10:54 -0500
Processing by CatsController#index as */*
  Rendering cats/index.html.erb within layouts/application
  [1m[36mCat Load (3.1ms)[0m  [1m[34mSELECT "cats".* FROM "cats"[0m
  ↳ app/views/cats/index.html.erb:5
  Rendered cats/index.html.erb within layouts/application (7.7ms)
Completed 200 OK in 80ms (Views: 75.7ms | ActiveRecord: 3.1ms)


Started GET "/cats/3" for ::1 at 2019-07-24 18:11:51 -0500
Processing by CatsController#show as */*
  Parameters: {"id"=>"3"}
  [1m[36mCat Load (8.0ms)[0m  [1m[34mSELECT  "cats".* FROM "cats" WHERE "cats"."id" = $1 LIMIT $2[0m  [["id", 3], ["LIMIT", 1]]
  ↳ app/controllers/cats_controller.rb:8
  Rendering cats/show.html.erb within layouts/application
  Rendered cats/show.html.erb within layouts/application (7.0ms)
Completed 200 OK in 110ms (Views: 96.8ms | ActiveRecord: 8.0ms)


Started GET "/cats/3" for ::1 at 2019-07-24 18:13:21 -0500
Processing by CatsController#show as */*
  Parameters: {"id"=>"3"}
  [1m[36mCat Load (3.0ms)[0m  [1m[34mSELECT  "cats".* FROM "cats" WHERE "cats"."id" = $1 LIMIT $2[0m  [["id", 3], ["LIMIT", 1]]
  ↳ app/controllers/cats_controller.rb:8
  Rendering cats/show.html.erb within layouts/application
  Rendered cats/show.html.erb within layouts/application (2.4ms)
Completed 200 OK in 267ms (Views: 261.1ms | ActiveRecord: 3.0ms)


Started GET "/cats/" for ::1 at 2019-07-24 18:13:25 -0500
Processing by CatsController#index as */*
  Rendering cats/index.html.erb within layouts/application
  [1m[36mCat Load (9.0ms)[0m  [1m[34mSELECT "cats".* FROM "cats"[0m
  ↳ app/views/cats/index.html.erb:5
  Rendered cats/index.html.erb within layouts/application (13.0ms)
Completed 200 OK in 87ms (Views: 76.9ms | ActiveRecord: 9.0ms)


Started GET "/cats/" for ::1 at 2019-07-24 18:13:48 -0500
Processing by CatsController#index as */*
  Rendering cats/index.html.erb within layouts/application
  [1m[36mCat Load (4.1ms)[0m  [1m[34mSELECT "cats".* FROM "cats"[0m
  ↳ app/views/cats/index.html.erb:5
  Rendered cats/index.html.erb within layouts/application (8.7ms)
Completed 200 OK in 114ms (Views: 108.4ms | ActiveRecord: 4.1ms)


Started GET "/cats/" for ::1 at 2019-07-24 18:14:38 -0500
Processing by CatsController#index as */*
  Rendering cats/index.html.erb within layouts/application
  [1m[36mCat Load (1.0ms)[0m  [1m[34mSELECT "cats".* FROM "cats"[0m
  ↳ app/views/cats/index.html.erb:5
  Rendered cats/index.html.erb within layouts/application (15.2ms)
Completed 200 OK in 148ms (Views: 144.5ms | ActiveRecord: 1.0ms)


Started GET "/cats/" for ::1 at 2019-07-24 18:14:50 -0500
Processing by CatsController#index as */*
  Rendering cats/index.html.erb within layouts/application
  [1m[36mCat Load (0.9ms)[0m  [1m[34mSELECT "cats".* FROM "cats"[0m
  ↳ app/views/cats/index.html.erb:5
  Rendered cats/index.html.erb within layouts/application (5.3ms)
Completed 200 OK in 115ms (Views: 112.7ms | ActiveRecord: 0.9ms)


Started GET "/cats/3" for ::1 at 2019-07-24 18:15:15 -0500
Processing by CatsController#show as */*
  Parameters: {"id"=>"3"}
  [1m[36mCat Load (6.3ms)[0m  [1m[34mSELECT  "cats".* FROM "cats" WHERE "cats"."id" = $1 LIMIT $2[0m  [["id", 3], ["LIMIT", 1]]
  ↳ app/controllers/cats_controller.rb:8
  Rendering cats/show.html.erb within layouts/application
  Rendered cats/show.html.erb within layouts/application (3.8ms)
Completed 200 OK in 157ms (Views: 147.9ms | ActiveRecord: 6.3ms)


Started GET "/cats/" for ::1 at 2019-07-24 18:15:29 -0500
Processing by CatsController#index as */*
  Rendering cats/index.html.erb within layouts/application
  [1m[36mCat Load (0.9ms)[0m  [1m[34mSELECT "cats".* FROM "cats"[0m
  ↳ app/views/cats/index.html.erb:5
  Rendered cats/index.html.erb within layouts/application (4.3ms)
Completed 200 OK in 175ms (Views: 172.7ms | ActiveRecord: 0.9ms)


Started GET "/cats/" for ::1 at 2019-07-24 18:15:34 -0500
Processing by CatsController#index as */*
  Rendering cats/index.html.erb within layouts/application
  [1m[36mCat Load (0.8ms)[0m  [1m[34mSELECT "cats".* FROM "cats"[0m
  ↳ app/views/cats/index.html.erb:5
  Rendered cats/index.html.erb within layouts/application (5.1ms)
Completed 200 OK in 135ms (Views: 133.3ms | ActiveRecord: 0.8ms)


Started GET "/cats/" for ::1 at 2019-07-24 18:15:54 -0500
Processing by CatsController#index as */*
  Rendering cats/index.html.erb within layouts/application
  [1m[36mCat Load (4.7ms)[0m  [1m[34mSELECT "cats".* FROM "cats"[0m
  ↳ app/views/cats/index.html.erb:5
  Rendered cats/index.html.erb within layouts/application (13.9ms)
Completed 200 OK in 113ms (Views: 106.9ms | ActiveRecord: 4.7ms)


Started GET "/cats/" for ::1 at 2019-07-24 18:18:05 -0500
Processing by CatsController#index as */*
  Rendering cats/index.html.erb within layouts/application
  [1m[36mCat Load (2.8ms)[0m  [1m[34mSELECT "cats".* FROM "cats"[0m
  ↳ app/views/cats/index.html.erb:5
  Rendered cats/index.html.erb within layouts/application (7.1ms)
Completed 200 OK in 107ms (Views: 103.2ms | ActiveRecord: 2.8ms)


Started GET "/cats/2" for ::1 at 2019-07-24 18:19:05 -0500
Processing by CatsController#show as */*
  Parameters: {"id"=>"2"}
  [1m[36mCat Load (24.3ms)[0m  [1m[34mSELECT  "cats".* FROM "cats" WHERE "cats"."id" = $1 LIMIT $2[0m  [["id", 2], ["LIMIT", 1]]
  ↳ app/controllers/cats_controller.rb:8
  Rendering cats/show.html.erb within layouts/application
  Rendered cats/show.html.erb within layouts/application (4.4ms)
Completed 200 OK in 247ms (Views: 219.0ms | ActiveRecord: 24.3ms)


Started GET "/cats/2" for ::1 at 2019-07-24 18:19:15 -0500
Processing by CatsController#show as */*
  Parameters: {"id"=>"2"}
  [1m[36mCat Load (10.1ms)[0m  [1m[34mSELECT  "cats".* FROM "cats" WHERE "cats"."id" = $1 LIMIT $2[0m  [["id", 2], ["LIMIT", 1]]
  ↳ app/controllers/cats_controller.rb:8
  Rendering cats/show.html.erb within layouts/application
  Rendered cats/show.html.erb within layouts/application (9.0ms)
Completed 200 OK in 124ms (Views: 110.9ms | ActiveRecord: 10.1ms)


Started GET "/cats/" for ::1 at 2019-07-24 18:19:21 -0500
Processing by CatsController#index as */*
  Rendering cats/index.html.erb within layouts/application
  [1m[36mCat Load (33.2ms)[0m  [1m[34mSELECT "cats".* FROM "cats"[0m
  ↳ app/views/cats/index.html.erb:5
  Rendered cats/index.html.erb within layouts/application (37.4ms)
Completed 200 OK in 131ms (Views: 96.3ms | ActiveRecord: 33.2ms)


Started GET "/cats/" for ::1 at 2019-07-24 18:21:06 -0500
Processing by CatsController#index as */*
  Rendering cats/index.html.erb within layouts/application
  [1m[36mCat Load (30.4ms)[0m  [1m[34mSELECT "cats".* FROM "cats"[0m
  ↳ app/views/cats/index.html.erb:5
  Rendered cats/index.html.erb within layouts/application (34.3ms)
Completed 200 OK in 210ms (Views: 177.8ms | ActiveRecord: 30.4ms)


Started GET "/" for ::1 at 2019-07-24 18:21:48 -0500
Processing by Rails::WelcomeController#index as HTML
  Rendering /Users/donaldbatryn/.rbenv/versions/2.5.1/lib/ruby/gems/2.5.0/gems/railties-5.2.3/lib/rails/templates/rails/welcome/index.html.erb
  Rendered /Users/donaldbatryn/.rbenv/versions/2.5.1/lib/ruby/gems/2.5.0/gems/railties-5.2.3/lib/rails/templates/rails/welcome/index.html.erb (19.1ms)
Completed 200 OK in 80ms (Views: 32.6ms | ActiveRecord: 0.0ms)


Started GET "/cats" for ::1 at 2019-07-24 18:22:04 -0500
Processing by CatsController#index as HTML
  Rendering cats/index.html.erb within layouts/application
  [1m[36mCat Load (1.1ms)[0m  [1m[34mSELECT "cats".* FROM "cats"[0m
  ↳ app/views/cats/index.html.erb:5
  Rendered cats/index.html.erb within layouts/application (18.2ms)
Completed 200 OK in 108ms (Views: 105.0ms | ActiveRecord: 1.1ms)


Started GET "/cats/2" for ::1 at 2019-07-24 18:22:06 -0500
Processing by CatsController#show as HTML
  Parameters: {"id"=>"2"}
  [1m[36mCat Load (8.7ms)[0m  [1m[34mSELECT  "cats".* FROM "cats" WHERE "cats"."id" = $1 LIMIT $2[0m  [["id", 2], ["LIMIT", 1]]
  ↳ app/controllers/cats_controller.rb:8
  Rendering cats/show.html.erb within layouts/application
  Rendered cats/show.html.erb within layouts/application (1.2ms)
Completed 200 OK in 69ms (Views: 49.4ms | ActiveRecord: 9.5ms)


Started GET "/cats/3" for ::1 at 2019-07-24 18:22:28 -0500
Processing by CatsController#show as HTML
  Parameters: {"id"=>"3"}
  [1m[36mCat Load (13.5ms)[0m  [1m[34mSELECT  "cats".* FROM "cats" WHERE "cats"."id" = $1 LIMIT $2[0m  [["id", 3], ["LIMIT", 1]]
  ↳ app/controllers/cats_controller.rb:8
  Rendering cats/show.html.erb within layouts/application
  Rendered cats/show.html.erb within layouts/application (2.5ms)
Completed 200 OK in 85ms (Views: 69.3ms | ActiveRecord: 13.5ms)


Started GET "/cats/4" for ::1 at 2019-07-24 18:22:31 -0500
Processing by CatsController#show as HTML
  Parameters: {"id"=>"4"}
  [1m[36mCat Load (2.9ms)[0m  [1m[34mSELECT  "cats".* FROM "cats" WHERE "cats"."id" = $1 LIMIT $2[0m  [["id", 4], ["LIMIT", 1]]
  ↳ app/controllers/cats_controller.rb:8
  Rendering cats/show.html.erb within layouts/application
  Rendered cats/show.html.erb within layouts/application (1.3ms)
Completed 200 OK in 41ms (Views: 34.9ms | ActiveRecord: 2.9ms)


Started GET "/cats/" for ::1 at 2019-07-24 18:28:33 -0500
Processing by CatsController#index as */*
  Rendering cats/index.html.erb within layouts/application
  [1m[36mCat Load (3.4ms)[0m  [1m[34mSELECT "cats".* FROM "cats"[0m
  ↳ app/views/cats/index.html.erb:5
  Rendered cats/index.html.erb within layouts/application (8.6ms)
Completed 200 OK in 120ms (Views: 115.5ms | ActiveRecord: 3.4ms)


